"../../../../../../muhammadasad/Documents/Unreal Projects/ShieldGame/Content/Maps/Environment/MF_WorldUVs.uasset" 0
"../../../../../../muhammadasad/Documents/Unreal Projects/ShieldGame/Content/AnimStarterPack/UE4_Mannequin/Mesh/UE4_Mannequin_Skeleton.uasset" 1
"../../../../../../muhammadasad/Documents/Unreal Projects/ShieldGame/Content/AnimStarterPack/Crouch_to_Stand_Rifle_Hip.uasset" 2
"../../../../../../muhammadasad/Documents/Unreal Projects/ShieldGame/Content/AnimStarterPack/Crouch_Walk_Bwd_Rifle_Ironsights.uasset" 3
"../../../../../../muhammadasad/Documents/Unreal Projects/ShieldGame/Content/AnimStarterPack/Fire_Rifle_Hip.uasset" 4
"../../../../../../muhammadasad/Documents/Unreal Projects/ShieldGame/Content/AnimStarterPack/Aim_Space_Ironsights.uasset" 5
"../../../../../../muhammadasad/Documents/Unreal Projects/ShieldGame/Content/AnimStarterPack/Death_3.uasset" 6
"../../../../../../muhammadasad/Documents/Unreal Projects/ShieldGame/Content/AnimStarterPack/Walk_Bwd_Rifle_Ironsights.uasset" 7
"../../../../../../muhammadasad/Documents/Unreal Projects/ShieldGame/Content/AnimStarterPack/Stand_to_Crouch_Rifle_Ironsights.uasset" 8
"../../../../../../muhammadasad/Documents/Unreal Projects/ShieldGame/Content/AnimStarterPack/Prone_Fire_1.uasset" 9
"../../../../../../muhammadasad/Documents/Unreal Projects/ShieldGame/Content/AnimStarterPack/Walk_Rt_Rifle_Ironsights.uasset" 10
"../../../../../../muhammadasad/Documents/Unreal Projects/ShieldGame/Content/AnimStarterPack/Death_Ironsights_2.uasset" 11
"../../../../../../muhammadasad/Documents/Unreal Projects/ShieldGame/Content/AnimStarterPack/Prone_Death_2.uasset" 12
"../../../../../../muhammadasad/Documents/Unreal Projects/ShieldGame/Content/AnimStarterPack/Sprint_Fwd_Rifle.uasset" 13
"../../../../../../muhammadasad/Documents/Unreal Projects/ShieldGame/Content/AnimStarterPack/Reload_Rifle_Ironsights.uasset" 14
"../../../../../../muhammadasad/Documents/Unreal Projects/ShieldGame/Content/AnimStarterPack/Stand_to_Crouch_Rifle_Hip.uasset" 15
"../../../../../../muhammadasad/Documents/Unreal Projects/ShieldGame/Content/AnimStarterPack/Crouch_Walk_Lt_Rifle_Ironsights.uasset" 16
"../../../../../../muhammadasad/Documents/Unreal Projects/ShieldGame/Content/AnimStarterPack/Crouch_to_Stand_Rifle_Ironsights.uasset" 17
"../../../../../../muhammadasad/Documents/Unreal Projects/ShieldGame/Content/AnimStarterPack/Stand_To_Prone.uasset" 18
"../../../../../../muhammadasad/Documents/Unreal Projects/ShieldGame/Content/AnimStarterPack/Aim_Space_Hip.uasset" 19
"../../../../../../muhammadasad/Documents/Unreal Projects/ShieldGame/Content/AnimStarterPack/Reload_Shotgun_Ironsights.uasset" 20
"../../../../../../muhammadasad/Documents/Unreal Projects/ShieldGame/Content/AnimStarterPack/Death_2.uasset" 21
"../../../../../../muhammadasad/Documents/Unreal Projects/ShieldGame/Content/AnimStarterPack/Jump_From_Stand_Ironsights.uasset" 22
"../../../../../../muhammadasad/Documents/Unreal Projects/ShieldGame/Content/AnimStarterPack/Fire_Shotgun_Hip.uasset" 23
"../../../../../../muhammadasad/Documents/Unreal Projects/ShieldGame/Content/AnimStarterPack/Crouch_Walk_Rt_Rifle_Ironsights.uasset" 24
"../../../../../../muhammadasad/Documents/Unreal Projects/ShieldGame/Content/AnimStarterPack/Death_Ironsights_1.uasset" 25
"../../../../../../muhammadasad/Documents/Unreal Projects/ShieldGame/Content/AnimStarterPack/Prone_Reload_Shotgun.uasset" 26
"../../../../../../muhammadasad/Documents/Unreal Projects/ShieldGame/Content/AnimStarterPack/Prone_Idle.uasset" 27
"../../../../../../muhammadasad/Documents/Unreal Projects/ShieldGame/Content/AnimStarterPack/Idle_Rifle_Ironsights.uasset" 28
"../../../../../../muhammadasad/Documents/Unreal Projects/ShieldGame/Content/AnimStarterPack/Prone_To_Stand.uasset" 29
"../../../../../../muhammadasad/Documents/Unreal Projects/ShieldGame/Content/AnimStarterPack/Fire_Shotgun_Ironsights.uasset" 30
"../../../../../../muhammadasad/Documents/Unreal Projects/ShieldGame/Content/AnimStarterPack/Prone_Fire_2.uasset" 31
"../../../../../../muhammadasad/Documents/Unreal Projects/ShieldGame/Content/AnimStarterPack/Idle_Pistol.uasset" 32
"../../../../../../muhammadasad/Documents/Unreal Projects/ShieldGame/Content/AnimStarterPack/Equip_Rifle_Standing.uasset" 33
"../../../../../../muhammadasad/Documents/Unreal Projects/ShieldGame/Content/AnimStarterPack/Reload_Shotgun_Hip.uasset" 34
"../../../../../../muhammadasad/Documents/Unreal Projects/ShieldGame/Content/AnimStarterPack/Walk_Lt_Rifle_Ironsights.uasset" 35
"../../../../../../muhammadasad/Documents/Unreal Projects/ShieldGame/Content/AnimStarterPack/Hit_React_4.uasset" 36
"../../../../../../muhammadasad/Documents/Unreal Projects/ShieldGame/Content/AnimStarterPack/Reload_Pistol.uasset" 37
"../../../../../../muhammadasad/Documents/Unreal Projects/ShieldGame/Content/AnimStarterPack/Prone_Death_1.uasset" 38
"../../../../../../muhammadasad/Documents/Unreal Projects/ShieldGame/Content/AnimStarterPack/Prone_Reload_Rifle.uasset" 39
"../../../../../../muhammadasad/Documents/Unreal Projects/ShieldGame/Content/UI/M_Logo.uasset" 40
"../../../../../../muhammadasad/Documents/Unreal Projects/ShieldGame/Content/UI/WB_Restart.uasset" 41
"../../../../../../muhammadasad/Documents/Unreal Projects/ShieldGame/Content/UI/Button/start/StartHover.uasset" 42
"../../../../../../muhammadasad/Documents/Unreal Projects/ShieldGame/Content/UI/Button/hover.uasset" 43
"../../../../../../muhammadasad/Documents/Unreal Projects/ShieldGame/Content/UI/Button/start/startPressed.uasset" 44
"../../../../../../muhammadasad/Documents/Unreal Projects/ShieldGame/Content/UI/Button/pressed.uasset" 45
"../../../../../../muhammadasad/Documents/Unreal Projects/ShieldGame/Content/UI/Button/start/StartNormal.uasset" 46
"../../../../../../muhammadasad/Documents/Unreal Projects/ShieldGame/Content/UI/Button/normal.uasset" 47
"../../../../../../muhammadasad/Documents/Unreal Projects/ShieldGame/Content/BluePrints/LevelDatabaseActor.uasset" 48
"../../../Engine/Content/Functions/Engine_MaterialFunctions02/Utility/BlendAngleCorrectedNormals.uasset" 49
"../../../Engine/Content/Functions/MaterialLayerFunctions/MatLayerBlend_AO.uasset" 50
"../../../Engine/Content/Functions/MaterialLayerFunctions/MatLayerBlend_NormalBlend.uasset" 51
"../../../Engine/Content/Functions/MaterialLayerFunctions/MatLayerBlend_Simple.uasset" 52
"../../../../../../muhammadasad/Documents/Unreal Projects/ShieldGame/Content/AnimStarterPack/UE4_Mannequin/Materials/MaterialLayers/T_ML_Rubber_Blue_01_D.uasset" 53
"../../../../../../muhammadasad/Documents/Unreal Projects/ShieldGame/Content/AnimStarterPack/UE4_Mannequin/Materials/MaterialLayers/T_ML_Rubber_Blue_01_N.uasset" 54
"../../../../../../muhammadasad/Documents/Unreal Projects/ShieldGame/Content/AnimStarterPack/UE4_Mannequin/Materials/MaterialLayers/ML_GlossyBlack_Latex_UE4.uasset" 55
"../../../../../../muhammadasad/Documents/Unreal Projects/ShieldGame/Content/AnimStarterPack/UE4_Mannequin/Materials/MaterialLayers/ML_Plastic_Shiny_Beige.uasset" 56
"../../../../../../muhammadasad/Documents/Unreal Projects/ShieldGame/Content/AnimStarterPack/UE4_Mannequin/Textures/UE4_LOGO_CARD.uasset" 57
"../../../../../../muhammadasad/Documents/Unreal Projects/ShieldGame/Content/AnimStarterPack/UE4_Mannequin/Materials/MaterialLayers/ML_Plastic_Shiny_Beige_LOGO.uasset" 58
"../../../../../../muhammadasad/Documents/Unreal Projects/ShieldGame/Content/AnimStarterPack/UE4_Mannequin/Materials/MaterialLayers/T_ML_Aluminum01.uasset" 59
"../../../../../../muhammadasad/Documents/Unreal Projects/ShieldGame/Content/AnimStarterPack/UE4_Mannequin/Materials/MaterialLayers/T_ML_Aluminum01_N.uasset" 60
"../../../../../../muhammadasad/Documents/Unreal Projects/ShieldGame/Content/AnimStarterPack/UE4_Mannequin/Materials/MaterialLayers/ML_SoftMetal_UE4.uasset" 61
"../../../../../../muhammadasad/Documents/Unreal Projects/ShieldGame/Content/AnimStarterPack/UE4_Mannequin/Textures/UE4_Mannequin__normals.uasset" 62
"../../../../../../muhammadasad/Documents/Unreal Projects/ShieldGame/Content/AnimStarterPack/UE4_Mannequin/Textures/UE4_Mannequin_MAT_MASKA.uasset" 63
"../../../../../../muhammadasad/Documents/Unreal Projects/ShieldGame/Content/AnimStarterPack/UE4_Mannequin/Textures/UE4_Mannequin_occlusion_Mobile.uasset" 64
"../../../../../../muhammadasad/Documents/Unreal Projects/ShieldGame/Content/AnimStarterPack/UE4_Mannequin/Materials/M_UE4Man_Body.uasset" 65
"../../../../../../muhammadasad/Documents/Unreal Projects/ShieldGame/Content/AnimStarterPack/UE4_Mannequin/Textures/UE4Man_Logo_N.uasset" 66
"../../../../../../muhammadasad/Documents/Unreal Projects/ShieldGame/Content/AnimStarterPack/UE4_Mannequin/Materials/M_UE4Man_ChestLogo.uasset" 67
"../../../../../../muhammadasad/Documents/Unreal Projects/ShieldGame/Content/Core/PhysMat_FlashDefaults.uasset" 68
"../../../../../../muhammadasad/Documents/Unreal Projects/ShieldGame/Content/Core/PhysMat_FlashVulnerable.uasset" 69
"../../../../../../muhammadasad/Documents/Unreal Projects/ShieldGame/Content/AnimStarterPack/UE4_Mannequin/Mesh/SK_Mannequin_PhysicsAsset.uasset" 70
"../../../../../../muhammadasad/Documents/Unreal Projects/ShieldGame/Content/AnimStarterPack/UE4_Mannequin/Mesh/SK_Mannequin.uasset" 71
"../../../../../../muhammadasad/Documents/Unreal Projects/ShieldGame/Content/BluePrints/BP_TargetDummy.uasset" 72
"../../../../../../muhammadasad/Documents/Unreal Projects/ShieldGame/Content/TrackerBot/BP_TrackerBot.uasset" 73
"../../../../../../muhammadasad/Documents/Unreal Projects/ShieldGame/Content/BluePrints/BP_TrackerBot.uasset" 74
"../../../../../../muhammadasad/Documents/Unreal Projects/ShieldGame/Content/BluePrints/bp_testObject.uasset" 75
"../../../../../../muhammadasad/Documents/Unreal Projects/ShieldGame/Content/BluePrints/BP_EQSTestingPawn.uasset" 76
"../../../../../../muhammadasad/Documents/Unreal Projects/ShieldGame/Content/StarterContent/Textures/T_Burst_M.uasset" 77
"../../../../../../muhammadasad/Documents/Unreal Projects/ShieldGame/Content/StarterContent/Particles/Materials/M_Burst.uasset" 78
"../../../../../../muhammadasad/Documents/Unreal Projects/ShieldGame/Content/StarterContent/Textures/T_Explosion_SubUV.uasset" 79
"../../../../../../muhammadasad/Documents/Unreal Projects/ShieldGame/Content/StarterContent/Particles/Materials/M_explosion_subUV.uasset" 80
"../../../../../../muhammadasad/Documents/Unreal Projects/ShieldGame/Content/StarterContent/Particles/Materials/m_flare_01.uasset" 81
"../../../Engine/Content/Functions/Engine_MaterialFunctions01/Gradient/RadialGradient.uasset" 82
"../../../../../../muhammadasad/Documents/Unreal Projects/ShieldGame/Content/StarterContent/Particles/Materials/M_radial_ramp.uasset" 83
"../../../../../../muhammadasad/Documents/Unreal Projects/ShieldGame/Content/StarterContent/Textures/T_Smoke_SubUV.uasset" 84
"../../../../../../muhammadasad/Documents/Unreal Projects/ShieldGame/Content/StarterContent/Textures/T_Smoke_Tiled_D.uasset" 85
"../../../../../../muhammadasad/Documents/Unreal Projects/ShieldGame/Content/StarterContent/Particles/Materials/M_smoke_subUV.uasset" 86
"../../../../../../muhammadasad/Documents/Unreal Projects/ShieldGame/Content/StarterContent/Particles/P_Explosion.uasset" 87
"../../../../../../muhammadasad/Documents/Unreal Projects/ShieldGame/Content/TrackerBot/ball_roll_03_loop.uasset" 88
"../../../../../../muhammadasad/Documents/Unreal Projects/ShieldGame/Content/TrackerBot/rollingAttenuation.uasset" 89
"../../../../../../muhammadasad/Documents/Unreal Projects/ShieldGame/Content/TrackerBot/ball_roll_03_loop_Cue.uasset" 90
"../../../../../../muhammadasad/Documents/Unreal Projects/ShieldGame/Content/TrackerBot/DroneTracker_explodewarning.uasset" 91
"../../../../../../muhammadasad/Documents/Unreal Projects/ShieldGame/Content/TrackerBot/TrackerBotSoundAttenuation.uasset" 92
"../../../../../../muhammadasad/Documents/Unreal Projects/ShieldGame/Content/TrackerBot/DroneTracker_explodewarning_Cue.uasset" 93
"../../../../../../muhammadasad/Documents/Unreal Projects/ShieldGame/Content/TrackerBot/Explosion01.uasset" 94
"../../../../../../muhammadasad/Documents/Unreal Projects/ShieldGame/Content/TrackerBot/Explosion01_Cue.uasset" 95
"../../../Engine/Content/EngineMaterials/T_Default_Material_Grid_M.uasset" 96
"../../../../../../muhammadasad/Documents/Unreal Projects/ShieldGame/Content/TrackerBot/M_Sphere.uasset" 97
"../../../../../../muhammadasad/Documents/Unreal Projects/ShieldGame/Content/TrackerBot/SM_TrackerBot.uasset" 98
"../../../../../../muhammadasad/Documents/Unreal Projects/ShieldGame/Content/BluePrints/BT_TrackerBotTest.uasset" 99
"../../../../../../muhammadasad/Documents/Unreal Projects/ShieldGame/Content/TrackerBot/ball_roll_04_loop.uasset" 100
"../../../../../../muhammadasad/Documents/Unreal Projects/ShieldGame/Content/TrackerBot/DroneTracker_idle.uasset" 101
"../../../../../../muhammadasad/Documents/Unreal Projects/ShieldGame/Content/TrackerBot/DroneTracker_spotted.uasset" 102
"../../../../../../muhammadasad/Documents/Unreal Projects/ShieldGame/Content/TrackerBot/ball_roll_02_loop.uasset" 103
"../../../../../../muhammadasad/Documents/Unreal Projects/ShieldGame/Content/TrackerBot/ball_roll_01g.uasset" 104
"../../../../../../muhammadasad/Documents/Unreal Projects/ShieldGame/Content/Weapons/MagGun_01_N.uasset" 105
"../../../../../../muhammadasad/Documents/Unreal Projects/ShieldGame/Content/Weapons/M_Weapon01.uasset" 106
"../../../../../../muhammadasad/Documents/Unreal Projects/ShieldGame/Content/Weapons/Launcher_01_N.uasset" 107
"../../../../../../muhammadasad/Documents/Unreal Projects/ShieldGame/Content/Weapons/MI_Launcher01.uasset" 108
"../../../../../../muhammadasad/Documents/Unreal Projects/ShieldGame/Content/Weapons/Launcher_02_N.uasset" 109
"../../../../../../muhammadasad/Documents/Unreal Projects/ShieldGame/Content/Weapons/MI_Launcher02.uasset" 110
"../../../../../../muhammadasad/Documents/Unreal Projects/ShieldGame/Content/Weapons/Launcher_Skeleton.uasset" 111
"../../../../../../muhammadasad/Documents/Unreal Projects/ShieldGame/Content/Weapons/Launcher.uasset" 112
"../../../../../../muhammadasad/Documents/Unreal Projects/ShieldGame/Content/PowerUps/powerdown_01.uasset" 113
"../../../../../../muhammadasad/Documents/Unreal Projects/ShieldGame/Content/PowerUps/Pickup_powerup.uasset" 114
"../../../../../../muhammadasad/Documents/Unreal Projects/ShieldGame/Content/PowerUps/T_CircleMask2.uasset" 115
"../../../../../../muhammadasad/Documents/Unreal Projects/ShieldGame/Content/PowerUps/respawn_01.uasset" 116
"../../../../../../muhammadasad/Documents/Unreal Projects/ShieldGame/Content/PowerUps/T_CircleMask.uasset" 117
"../../../../../../muhammadasad/Documents/Unreal Projects/ShieldGame/Content/PowerUps/powerup_loop_02.uasset" 118
"../../../../../../muhammadasad/Documents/Unreal Projects/ShieldGame/Content/PowerUps/Material.uasset" 119
"../../../../../../muhammadasad/Documents/Unreal Projects/ShieldGame/Content/PowerUps/Pickup_weapon.uasset" 120
"../../../../../../muhammadasad/Documents/Unreal Projects/ShieldGame/Content/PowerUps/powerdown_02.uasset" 121
"../../../../../../muhammadasad/Documents/Unreal Projects/ShieldGame/Content/PowerUps/Pickup_ammo.uasset" 122
"../../../../../../muhammadasad/Documents/Unreal Projects/ShieldGame/Content/PowerUps/powerup_loop_01.uasset" 123
"../../../../../../muhammadasad/Documents/Unreal Projects/ShieldGame/Content/Powerups/Effects/T_Flame_Tile.uasset" 124
"../../../../../../muhammadasad/Documents/Unreal Projects/ShieldGame/Content/Powerups/Effects/T_MeshFire_Mask.uasset" 125
"../../../../../../muhammadasad/Documents/Unreal Projects/ShieldGame/Content/PowerUps/Effects/gold_ore_effect.uasset" 126
"../../../../../../muhammadasad/Documents/Unreal Projects/ShieldGame/Content/Powerups/Effects/sunflare.uasset" 127
"../../../../../../muhammadasad/Documents/Unreal Projects/ShieldGame/Content/Powerups/Effects/m_flare_03.uasset" 128
"../../../../../../muhammadasad/Documents/Unreal Projects/ShieldGame/Content/PowerUps/Effects/clouds_dust_detail_01.uasset" 129
"../../../../../../muhammadasad/Documents/Unreal Projects/ShieldGame/Content/Powerups/Effects/M_wind_swirl_02.uasset" 130
"../../../../../../muhammadasad/Documents/Unreal Projects/ShieldGame/Content/PowerUps/Effects/S_SandSwirl.uasset" 131
"../../../../../../muhammadasad/Documents/Unreal Projects/ShieldGame/Content/PowerUps/Effects/P_gold_ore_appearance.uasset" 132
"../../../../../../muhammadasad/Documents/Unreal Projects/ShieldGame/Content/PowerUps/Effects/P_gold_ore_lost.uasset" 133
"../../../../../../muhammadasad/Documents/Unreal Projects/ShieldGame/Content/PowerUps/Effects/T_Fire_tile.uasset" 134
"../../../../../../muhammadasad/Documents/Unreal Projects/ShieldGame/Content/Powerups/Effects/gold_ore_circle2.uasset" 135
"../../../../../../muhammadasad/Documents/Unreal Projects/ShieldGame/Content/PowerUps/Effects/M_Volumetric_Streaks.uasset" 136
"../../../../../../muhammadasad/Documents/Unreal Projects/ShieldGame/Content/Powerups/Effects/M_single_ray_01.uasset" 137
"../../../../../../muhammadasad/Documents/Unreal Projects/ShieldGame/Content/PowerUps/Effects/P_gold_ore_aura.uasset" 138
"../../../Engine/Content/Functions/Engine_MaterialFunctions01/Opacity/CameraDepthFade.uasset" 139
"../../../Engine/Content/EngineMaterials/T_Default_Material_Grid_N.uasset" 140
"../../../Engine/Content/EngineMaterials/WorldGridMaterial.uasset" 141
"../../../../../../muhammadasad/Documents/Unreal Projects/ShieldGame/Content/PowerUps/Effects/round_mask.uasset" 142
"../../../../../../muhammadasad/Documents/Unreal Projects/ShieldGame/Content/PowerUps/Effects/T_Smoke2_Tile.uasset" 143
"../../../../../../muhammadasad/Documents/Unreal Projects/ShieldGame/Content/Powerups/Effects/Coin2.uasset" 144
"../../../../../../muhammadasad/Documents/Unreal Projects/ShieldGame/Content/Powerups/Effects/SM_plane_pivot_down.uasset" 145
"../../../../../../muhammadasad/Documents/Unreal Projects/ShieldGame/Content/PowerUps/Effects/P_gold_ore_received.uasset" 146
"../../../../../../muhammadasad/Documents/Unreal Projects/ShieldGame/Content/AdvancedAI/bb_test.uasset" 147
"../../../Engine/Content/EditorBlueprintResources/StandardMacros.uasset" 148
"../../../../../../muhammadasad/Documents/Unreal Projects/ShieldGame/Content/AdvancedAI/Decorator_DistanceTo.uasset" 149
"../../../../../../muhammadasad/Documents/Unreal Projects/ShieldGame/Content/AdvancedAI/Service_SelectTargetActor.uasset" 150
"../../../../../../muhammadasad/Documents/Unreal Projects/ShieldGame/Content/AdvancedAI/ENV_QueryContext_TargetActor.uasset" 151
"../../../../../../muhammadasad/Documents/Unreal Projects/ShieldGame/Content/AdvancedAI/EQS_FindMoveTo.uasset" 152
"../../../../../../muhammadasad/Documents/Unreal Projects/ShieldGame/Content/AdvancedAI/BT_Test.uasset" 153
"../../../../../../muhammadasad/Documents/Unreal Projects/ShieldGame/Content/StarterContent/Maps/Minimal_Default_BuiltData.uasset" 154
"../../../Engine/Content/EditorMeshes/ColorCalibrator/T_ColorGrid.uasset" 155
"../../../../../../muhammadasad/Documents/Unreal Projects/ShieldGame/Content/StarterContent/Materials/M_ColorGrid_LowSpec.uasset" 156
"../../../../../../muhammadasad/Documents/Unreal Projects/ShieldGame/Content/StarterContent/Audio/Explosion_Cue.uasset" 157
"../../../../../../muhammadasad/Documents/Unreal Projects/ShieldGame/Content/StarterContent/Blueprints/Blueprint_Effect_Explosion.uasset" 158
"../../../../../../muhammadasad/Documents/Unreal Projects/ShieldGame/Content/StarterContent/Materials/M_Glass.uasset" 159
"../../../../../../muhammadasad/Documents/Unreal Projects/ShieldGame/Content/StarterContent/Textures/T_Door_M.uasset" 160
"../../../../../../muhammadasad/Documents/Unreal Projects/ShieldGame/Content/StarterContent/Textures/T_Door_N.uasset" 161
"../../../../../../muhammadasad/Documents/Unreal Projects/ShieldGame/Content/StarterContent/Props/Materials/M_Door.uasset" 162
"../../../../../../muhammadasad/Documents/Unreal Projects/ShieldGame/Content/StarterContent/Props/SM_Door.uasset" 163
"../../../../../../muhammadasad/Documents/Unreal Projects/ShieldGame/Content/StarterContent/Props/Materials/M_MaterialSphere.uasset" 164
"../../../../../../muhammadasad/Documents/Unreal Projects/ShieldGame/Content/StarterContent/Props/Materials/M_MaterialSphere_Plain.uasset" 165
"../../../../../../muhammadasad/Documents/Unreal Projects/ShieldGame/Content/StarterContent/Props/SM_MatPreviewMesh_02.uasset" 166
"../../../../../../muhammadasad/Documents/Unreal Projects/ShieldGame/Content/StarterContent/Textures/T_Chair_M.uasset" 167
"../../../../../../muhammadasad/Documents/Unreal Projects/ShieldGame/Content/StarterContent/Textures/T_Chair_N.uasset" 168
"../../../../../../muhammadasad/Documents/Unreal Projects/ShieldGame/Content/StarterContent/Props/Materials/M_Chair.uasset" 169
"../../../../../../muhammadasad/Documents/Unreal Projects/ShieldGame/Content/StarterContent/Props/SM_Couch.uasset" 170
"../../../../../../muhammadasad/Documents/Unreal Projects/ShieldGame/Content/StarterContent/Textures/T_Shelf_M.uasset" 171
"../../../../../../muhammadasad/Documents/Unreal Projects/ShieldGame/Content/StarterContent/Textures/T_Shelf_N.uasset" 172
"../../../../../../muhammadasad/Documents/Unreal Projects/ShieldGame/Content/StarterContent/Props/Materials/M_Shelf.uasset" 173
"../../../../../../muhammadasad/Documents/Unreal Projects/ShieldGame/Content/StarterContent/Props/SM_Shelf.uasset" 174
"../../../../../../muhammadasad/Documents/Unreal Projects/ShieldGame/Content/StarterContent/Textures/T_Detail_Rocky_N.uasset" 175
"../../../../../../muhammadasad/Documents/Unreal Projects/ShieldGame/Content/StarterContent/Textures/T_Rock_Basalt_D.uasset" 176
"../../../../../../muhammadasad/Documents/Unreal Projects/ShieldGame/Content/StarterContent/Textures/T_RockMesh_M.uasset" 177
"../../../../../../muhammadasad/Documents/Unreal Projects/ShieldGame/Content/StarterContent/Textures/T_RockMesh_N.uasset" 178
"../../../../../../muhammadasad/Documents/Unreal Projects/ShieldGame/Content/StarterContent/Props/Materials/M_Rock.uasset" 179
"../../../../../../muhammadasad/Documents/Unreal Projects/ShieldGame/Content/StarterContent/Props/SM_Rock.uasset" 180
"../../../../../../muhammadasad/Documents/Unreal Projects/ShieldGame/Content/StarterContent/Materials/M_Basic_Floor.uasset" 181
"../../../../../../muhammadasad/Documents/Unreal Projects/ShieldGame/Content/StarterContent/Materials/M_Basic_Wall.uasset" 182
"../../../../../../muhammadasad/Documents/Unreal Projects/ShieldGame/Content/StarterContent/Props/SM_Stairs.uasset" 183
"../../../../../../muhammadasad/Documents/Unreal Projects/ShieldGame/Content/StarterContent/Textures/T_Bush_D.uasset" 184
"../../../../../../muhammadasad/Documents/Unreal Projects/ShieldGame/Content/StarterContent/Textures/T_Bush_N.uasset" 185
"../../../../../../muhammadasad/Documents/Unreal Projects/ShieldGame/Content/StarterContent/Props/Materials/M_Bush.uasset" 186
"../../../../../../muhammadasad/Documents/Unreal Projects/ShieldGame/Content/StarterContent/Props/SM_Bush.uasset" 187
"../../../../../../muhammadasad/Documents/Unreal Projects/ShieldGame/Content/StarterContent/Shapes/Shape_Wedge_A.uasset" 188
"../../../../../../muhammadasad/Documents/Unreal Projects/ShieldGame/Content/StarterContent/Shapes/Shape_WideCapsule.uasset" 189
"../../../../../../muhammadasad/Documents/Unreal Projects/ShieldGame/Content/StarterContent/Shapes/Shape_Tube.uasset" 190
"../../../../../../muhammadasad/Documents/Unreal Projects/ShieldGame/Content/StarterContent/Shapes/Shape_Cylinder.uasset" 191
"../../../../../../muhammadasad/Documents/Unreal Projects/ShieldGame/Content/StarterContent/Shapes/Shape_TriPyramid.uasset" 192
"../../../../../../muhammadasad/Documents/Unreal Projects/ShieldGame/Content/StarterContent/Shapes/Shape_Trim.uasset" 193
"../../../../../../muhammadasad/Documents/Unreal Projects/ShieldGame/Content/StarterContent/Shapes/Shape_Plane.uasset" 194
"../../../../../../muhammadasad/Documents/Unreal Projects/ShieldGame/Content/StarterContent/Shapes/Shape_Trim_90_Out.uasset" 195
"../../../../../../muhammadasad/Documents/Unreal Projects/ShieldGame/Content/StarterContent/Shapes/Shape_Pipe_90.uasset" 196
"../../../../../../muhammadasad/Documents/Unreal Projects/ShieldGame/Content/StarterContent/Shapes/Shape_Pipe_180.uasset" 197
"../../../../../../muhammadasad/Documents/Unreal Projects/ShieldGame/Content/StarterContent/Shapes/Shape_Pipe.uasset" 198
"../../../../../../muhammadasad/Documents/Unreal Projects/ShieldGame/Content/StarterContent/Shapes/Shape_Cone.uasset" 199
"../../../../../../muhammadasad/Documents/Unreal Projects/ShieldGame/Content/StarterContent/Shapes/Shape_Wedge_B.uasset" 200
"../../../../../../muhammadasad/Documents/Unreal Projects/ShieldGame/Content/StarterContent/Shapes/Shape_NarrowCapsule.uasset" 201
"../../../../../../muhammadasad/Documents/Unreal Projects/ShieldGame/Content/StarterContent/Shapes/Shape_Trim_90_In.uasset" 202
"../../../../../../muhammadasad/Documents/Unreal Projects/ShieldGame/Content/StarterContent/Shapes/Shape_Torus.uasset" 203
"../../../../../../muhammadasad/Documents/Unreal Projects/ShieldGame/Content/StarterContent/Architecture/Wall_Door_400x400.uasset" 204
"../../../../../../muhammadasad/Documents/Unreal Projects/ShieldGame/Content/StarterContent/Architecture/Wall_400x400.uasset" 205
"../../../../../../muhammadasad/Documents/Unreal Projects/ShieldGame/Content/StarterContent/Architecture/Wall_500x500.uasset" 206
"../../../../../../muhammadasad/Documents/Unreal Projects/ShieldGame/Content/StarterContent/Architecture/Pillar_50x500.uasset" 207
"../../../../../../muhammadasad/Documents/Unreal Projects/ShieldGame/Content/StarterContent/Architecture/Wall_400x300.uasset" 208
"../../../../../../muhammadasad/Documents/Unreal Projects/ShieldGame/Content/StarterContent/Architecture/Wall_Window_400x400.uasset" 209
"../../../../../../muhammadasad/Documents/Unreal Projects/ShieldGame/Content/StarterContent/Audio/Explosion02.uasset" 210
"../../../../../../muhammadasad/Documents/Unreal Projects/ShieldGame/Content/StarterContent/Audio/Starter_Wind06.uasset" 211
"../../../../../../muhammadasad/Documents/Unreal Projects/ShieldGame/Content/StarterContent/Audio/Starter_Birds01.uasset" 212
"../../../../../../muhammadasad/Documents/Unreal Projects/ShieldGame/Content/StarterContent/Audio/Fire_Sparks01.uasset" 213
"../../../../../../muhammadasad/Documents/Unreal Projects/ShieldGame/Content/StarterContent/Audio/Smoke01.uasset" 214
"../../../../../../muhammadasad/Documents/Unreal Projects/ShieldGame/Content/StarterContent/Audio/Collapse01.uasset" 215
"../../../../../../muhammadasad/Documents/Unreal Projects/ShieldGame/Content/StarterContent/Audio/Light02.uasset" 216
"../../../../../../muhammadasad/Documents/Unreal Projects/ShieldGame/Content/StarterContent/Audio/Light02_Cue.uasset" 217
"../../../../../../muhammadasad/Documents/Unreal Projects/ShieldGame/Content/StarterContent/Audio/Fire01.uasset" 218
"../../../../../../muhammadasad/Documents/Unreal Projects/ShieldGame/Content/StarterContent/Audio/Light01_Cue.uasset" 219
"../../../../../../muhammadasad/Documents/Unreal Projects/ShieldGame/Content/StarterContent/Audio/Starter_Wind05.uasset" 220
"../../../../../../muhammadasad/Documents/Unreal Projects/ShieldGame/Content/StarterContent/Audio/Steam01.uasset" 221
"../../../../../../muhammadasad/Documents/Unreal Projects/ShieldGame/Content/StarterContent/Audio/Starter_Music01.uasset" 222
"../../../../../../muhammadasad/Documents/Unreal Projects/ShieldGame/Content/StarterContent/Audio/Explosion01.uasset" 223
"../../../../../../muhammadasad/Documents/Unreal Projects/ShieldGame/Content/StarterContent/Audio/Light01.uasset" 224
"../../../../../../muhammadasad/Documents/Unreal Projects/ShieldGame/Content/StarterContent/Audio/Collapse02.uasset" 225
"../../../../../../muhammadasad/Documents/Unreal Projects/ShieldGame/Content/WeaponEffects/Explosion/T_Burst_M.uasset" 226
"../../../../../../muhammadasad/Documents/Unreal Projects/ShieldGame/Content/WeaponEffects/Explosion/M_Burst.uasset" 227
"../../../../../../muhammadasad/Documents/Unreal Projects/ShieldGame/Content/WeaponEffects/Explosion/T_Explosion_SubUV.uasset" 228
"../../../../../../muhammadasad/Documents/Unreal Projects/ShieldGame/Content/WeaponEffects/Explosion/M_explosion_subUV.uasset" 229
"../../../../../../muhammadasad/Documents/Unreal Projects/ShieldGame/Content/WeaponEffects/Explosion/m_flare_01.uasset" 230
"../../../../../../muhammadasad/Documents/Unreal Projects/ShieldGame/Content/WeaponEffects/Explosion/M_radial_ramp.uasset" 231
"../../../../../../muhammadasad/Documents/Unreal Projects/ShieldGame/Content/WeaponEffects/Explosion/T_Smoke_SubUV.uasset" 232
"../../../../../../muhammadasad/Documents/Unreal Projects/ShieldGame/Content/WeaponEffects/Explosion/T_Smoke_Tiled_D.uasset" 233
"../../../../../../muhammadasad/Documents/Unreal Projects/ShieldGame/Content/WeaponEffects/Explosion/M_smoke_subUV.uasset" 234
"../../../../../../muhammadasad/Documents/Unreal Projects/ShieldGame/Content/WeaponEffects/Explosion/P_Explosion.uasset" 235
"../../../../../../muhammadasad/Documents/Unreal Projects/ShieldGame/Content/WeaponEffects/ShellEject/M_ShellEjectMetal.uasset" 236
"../../../../../../muhammadasad/Documents/Unreal Projects/ShieldGame/Content/WeaponEffects/ShellEject/SM_ShellEject.uasset" 237
"../../../../../../muhammadasad/Documents/Unreal Projects/ShieldGame/Content/WeaponEffects/ShellEject/P_Rifle_ShellEject.uasset" 238
"../../../Engine/Content/Maps/Templates/Thumbnails/Default.uasset" 239
"../../../Engine/Content/Maps/Templates/Thumbnails/TimeOfDay.uasset" 240
"../../../Engine/Content/Maps/Templates/Thumbnails/VR-Basic.uasset" 241
"../../../Engine/Content/MobileResources/T_MobileControls_texture.uasset" 242
"../../../Engine/Content/MobileResources/T_MobileMenu2.uasset" 243
"../../../Engine/Content/MobileResources/HUD/MobileHUDDirectionPad3.uasset" 244
"../../../Engine/Content/MobileResources/HUD/MobileHUDButton2_off.uasset" 245
"../../../Engine/Content/MobileResources/HUD/MobileHUDButton3.uasset" 246
"../../../Engine/Content/MobileResources/HUD/T_Castle_ThumbstickInner.uasset" 247
"../../../Engine/Content/MobileResources/HUD/MobileHUDDirectionStick.uasset" 248
"../../../Engine/Content/MobileResources/HUD/VirtualJoystick_Background.uasset" 249
"../../../Engine/Content/MobileResources/HUD/VirtualJoystick_Thumb.uasset" 250
"../../../Engine/Content/MobileResources/HUD/DefaultVirtualJoysticks.uasset" 251
"../../../Engine/Content/MobileResources/HUD/T_Castle_ThumbstickOutter.uasset" 252
"../../../Engine/Content/MobileResources/HUD/MobileHUDButton2_on.uasset" 253
"../../../Engine/Content/MobileResources/HUD/MobileHUDDirectionPad2.uasset" 254
"../../../Engine/Content/MobileResources/HUD/MobileHUDDirectionPad.uasset" 255
"../../../Engine/Content/MobileResources/HUD/AnalogHat.uasset" 256
"../../../Engine/Content/MobileResources/HUD/MobileHUDButton1_on.uasset" 257
"../../../Engine/Content/MobileResources/HUD/MobileHUDButtonFire.uasset" 258
"../../../Engine/Content/MobileResources/HUD/LeftVirtualJoystickOnly.uasset" 259
"../../../Engine/Content/MobileResources/HUD/MobileHUDButton1_off.uasset" 260
"../../../Engine/Content/Tutorial/ContentIntroCurve.uasset" 261
"../../../Engine/Content/Tutorial/Basics/LevelEditorAttract.uasset" 262
"../../../Engine/Content/EngineResources/DefaultTextureCube.uasset" 263
"../../../Engine/Content/EngineResources/DefaultTexture.uasset" 264
"../../../Engine/Content/EngineResources/Black.uasset" 265
"../../../Engine/Content/EngineResources/DefaultVolumeTexture2D.uasset" 266
"../../../Engine/Content/EngineResources/DefaultVolumeTexture.uasset" 267
"../../../Engine/Content/EngineResources/GradientTexture0.uasset" 268
"../../../Engine/Content/EditorLandscapeResources/DataLayer.uasset" 269
"../../../Engine/Content/EditorSounds/Notifications/CompileSuccess.uasset" 270
"../../../Engine/Content/EditorSounds/Notifications/CompileSuccess_Cue.uasset" 271
"../../../Engine/Content/EditorSounds/Notifications/CompileFailed.uasset" 272
"../../../Engine/Content/EditorSounds/Notifications/CompileFailed_Cue.uasset" 273
"../../../Engine/Content/EditorSounds/Notifications/CompileStart_Cue.uasset" 274
"../../../Engine/Content/EditorMaterials/Camera/CineMat.uasset" 275
"../../../Engine/Content/EditorMaterials/Camera/MI_CineMat_Rig.uasset" 276
"../../../Engine/Content/EditorMeshes/Camera/SM_CraneRig_Body.uasset" 277
"../../../Engine/Content/EditorMeshes/Camera/SM_RailRig_Mount.uasset" 278
"../../../Engine/Content/EditorMeshes/Camera/SM_CraneRig_Base.uasset" 279
"../../../Engine/Content/EditorMeshes/Camera/SM_CraneRig_Mount.uasset" 280
"../../../Engine/Content/EditorMeshes/Camera/SM_CraneRig_Arm.uasset" 281
"../../../Engine/Content/EditorMeshes/Camera/SM_RailRig_Track.uasset" 282
"../../../Engine/Content/EngineFonts/Faces/DroidSansFallback.uasset" 283
"../../../Engine/Content/EngineFonts/Faces/RobotoBold.uasset" 284
"../../../Engine/Content/EngineFonts/Faces/RobotoBoldItalic.uasset" 285
"../../../Engine/Content/EngineFonts/Faces/RobotoItalic.uasset" 286
"../../../Engine/Content/EngineFonts/Faces/RobotoLight.uasset" 287
"../../../Engine/Content/EngineFonts/Faces/RobotoRegular.uasset" 288
"../../../Engine/Content/EngineFonts/Roboto.uasset" 289
"../../../Engine/Content/EngineDamageTypes/DmgTypeBP_Environmental.uasset" 290
"../../../Engine/Content/ArtTools/RenderToTexture/Meshes/S_1_Unit_Plane.uasset" 291
"../../../Engine/Content/Animation/DefaultAnimCurveCompressionSettings.uasset" 292
"../../../Engine/Content/Animation/DefaultAnimBoneCompressionSettings.uasset" 293
"../../../Engine/Content/EngineResources/WhiteSquareTexture.uasset" 294
"../../../Engine/Content/EngineMaterials/Widget3DPassThrough.uasset" 295
"../../../Engine/Content/EngineMaterials/Widget3DPassThrough_Masked.uasset" 296
"../../../Engine/Content/EngineMaterials/WeightMapPlaceholderTexture.uasset" 297
"../../../Engine/Content/EngineMaterials/Widget3DPassThrough_Translucent.uasset" 298
"../../../Engine/Content/EngineMaterials/Widget3DPassThrough_Translucent_OneSided.uasset" 299
"../../../Engine/Content/Functions/Engine_MaterialFunctions02/WorldPositionOffset/CameraOffset.uasset" 300
"../../../Engine/Content/EngineMaterials/PhAT_JointLimitMaterial.uasset" 301
"../../../Engine/Content/EngineMaterials/GizmoMaterial.uasset" 302
"../../../Engine/Content/EngineMaterials/BlueNoise.uasset" 303
"../../../Engine/Content/EngineMaterials/DefaultWhiteGrid_Low.uasset" 304
"../../../Engine/Content/EngineMaterials/EmissiveMeshMaterial.uasset" 305
"../../../Engine/Content/EngineMaterials/Widget3DPassThrough_Opaque.uasset" 306
"../../../Engine/Content/EngineMaterials/Widget3DPassThrough_Masked_OneSided.uasset" 307
"../../../Engine/Content/EngineMaterials/Good64x64TilingNoiseHighFreq.uasset" 308
"../../../Engine/Content/EngineMaterials/DefaultBloomKernel.uasset" 309
"../../../Engine/Content/EngineMaterials/RemoveSurfaceMaterial.uasset" 310
"../../../Engine/Content/EngineMaterials/DefaultDiffuse.uasset" 311
"../../../Engine/Content/EngineMaterials/DefaultDeferredDecalMaterial.uasset" 312
"../../../Engine/Content/Functions/Engine_MaterialFunctions02/Utility/BreakOutFloat2Components.uasset" 313
"../../../Engine/Content/EngineMaterials/DefaultPostProcessMaterial.uasset" 314
"../../../Engine/Content/EngineMaterials/DefaultPhysicalMaterial.uasset" 315
"../../../Engine/Content/EngineMaterials/BaseFlattenDiffuseMap.uasset" 316
"../../../Engine/Content/EngineMaterials/BaseFlattenEmissiveMap.uasset" 317
"../../../Engine/Content/EngineMaterials/BaseFlattenGrayscaleMap.uasset" 318
"../../../Engine/Content/EngineMaterials/BaseFlattenNormalMap.uasset" 319
"../../../Engine/Content/EngineMaterials/BaseFlattenMaterial.uasset" 320
"../../../Engine/Content/EngineMaterials/InvalidLightmapSettings.uasset" 321
"../../../Engine/Content/EngineMaterials/M_InvalidLightmapSettings.uasset" 322
"../../../Engine/Content/EngineFonts/RobotoDistanceField.uasset" 323
"../../../Engine/Content/EngineMaterials/DefaultTextMaterialOpaque.uasset" 324
"../../../Engine/Content/EngineMaterials/PreintegratedSkinBRDF.uasset" 325
"../../../Engine/Content/EngineMaterials/Widget3DPassThrough_Opaque_OneSided.uasset" 326
"../../../Engine/Content/EngineMaterials/DefaultBokeh.uasset" 327
"../../../Engine/Content/EngineMaterials/DefaultLightFunctionMaterial.uasset" 328
"../../../Engine/Content/EngineMaterials/MiniFont.uasset" 329
"../../../Engine/Content/EngineMaterials/DefaultWhiteGrid.uasset" 330
"../../../Engine/Content/EngineDebugMaterials/DebugEditorMaterial.uasset" 331
"../../../Engine/Content/EngineDebugMaterials/WireframeMaterial.uasset" 332
"../../../Engine/Content/Functions/Engine_MaterialFunctions02/Utility/CameraDirectionVector.uasset" 333
"../../../Engine/Content/EngineDebugMaterials/VolumeToRender.uasset" 334
"../../../Engine/Content/EngineDebugMaterials/M_VolumeRenderSphereTracePP.uasset" 335
"../../../Engine/Content/EngineDebugMaterials/M_SimpleUnlitTranslucent.uasset" 336
"../../../Engine/Content/EngineDebugMaterials/DebugMeshMaterial.uasset" 337
"../../../Engine/Content/EditorResources/S_Note.uasset" 338
"../../../Engine/Content/EditorResources/S_Solver.uasset" 339
"../../../Engine/Content/EditorResources/S_Trigger.uasset" 340
"../../../Engine/Content/EditorResources/S_Actor.uasset" 341
"../../../Engine/Content/EditorResources/EmptyActor.uasset" 342
"../../../Engine/Content/EditorResources/BSPVertex.uasset" 343
"../../../Engine/Content/EditorResources/SequenceRecorder/Countdown.uasset" 344
"../../../Engine/Content/EditorResources/SequenceRecorder/RecordingIndicator.uasset" 345
"../../../Engine/Content/EditorResources/AudioIcons/S_AudioComponent_AutoActivate.uasset" 346
"../../../Engine/Content/EditorResources/AudioIcons/S_AudioComponent.uasset" 347
"../../../Engine/Content/EditorResources/LightIcons/S_LightError.uasset" 348
"../../../Engine/Content/EngineMaterials/DefaultMaterial.uasset" 349
"../../../Engine/Content/BasicShapes/Cone.uasset" 350
"../../../Engine/Content/BasicShapes/Cylinder.uasset" 351
"../../../Engine/Content/BasicShapes/Plane.uasset" 352
"../../../Engine/Content/BasicShapes/Sphere.uasset" 353
"../../../Engine/Content/Functions/Engine_MaterialFunctions01/Shading/ConvertFromDiffSpec.uasset" 354
"../../../Engine/Content/Functions/Engine_MaterialFunctions01/Shading/PowerToRoughness.uasset" 355
"../../../Engine/Content/EditorMaterials/PreviewShadowIndicator.uasset" 356
"../../../Engine/Content/EditorMaterials/PreviewShadowIndicatorMaterial.uasset" 357
"../../../Engine/Content/EditorMaterials/MAT_Groups_Toggle.uasset" 358
"../../../Engine/Content/EditorMaterials/MAT_Groups_Visibility.uasset" 359
"../../../Engine/Content/EditorMaterials/ParticleSystems/PSysThumbnail_NoImage.uasset" 360
"../../../Engine/Content/EditorMaterials/ParticleSystems/PSysThumbnail_OOD.uasset" 361
"../../../Engine/Content/EditorMaterials/MatineeGroups/MAT_Groups_Vector.uasset" 362
"../../../Engine/Content/EditorMaterials/MatineeGroups/MAT_ColorTrack.uasset" 363
"../../../Engine/Content/EditorMaterials/MatineeGroups/MAT_Groups_AudioMaster.uasset" 364
"../../../Engine/Content/EditorMaterials/MatineeGroups/MAT_Groups_Sound.uasset" 365
"../../../Engine/Content/EditorMaterials/MatineeGroups/MAT_Groups_Float.uasset" 366
"../../../Engine/Content/EditorMaterials/MatineeGroups/MAT_Groups_Director.uasset" 367
"../../../Engine/Content/EditorMaterials/MatineeGroups/MAT_Groups_Move.uasset" 368
"../../../Engine/Content/EditorMaterials/MatineeGroups/MAT_Groups_Event.uasset" 369
"../../../Engine/Content/EditorMaterials/MatineeGroups/MAT_Groups_Fade.uasset" 370
"../../../Engine/Content/EditorMaterials/MatineeGroups/MAT_Groups_Anim.uasset" 371
"../../../Engine/Content/EditorMaterials/MatineeGroups/MAT_Groups_Slomo.uasset" 372
"../../../Engine/Content/EngineSounds/Master.uasset" 373
"../../../Engine/Content/EngineMeshes/Cylinder.uasset" 374
"../../../Engine/Content/EngineMeshes/Sphere.uasset" 375
"../../../Engine/Content/VREditor/LaserPointer/VR_LaserPower_01.uasset" 376
"../../../Engine/Content/VREditor/TransformGizmo/TransformGizmoMaterial.uasset" 377
"../../../Engine/Content/VREditor/TransformGizmo/TranslucentTransformGizmoMaterial.uasset" 378
"../../../Engine/Content/VREditor/TransformGizmo/PlaneTranslationHandle.uasset" 379
"../../../Engine/Content/VREditor/TransformGizmo/Main.uasset" 380
"../../../Engine/Content/VREditor/TransformGizmo/Xray.uasset" 381
"../../../Engine/Content/VREditor/TransformGizmo/SM_Sequencer_Key.uasset" 382
"../../../Engine/Content/VREditor/TransformGizmo/BoundingBoxCorner.uasset" 383
"../../../Engine/Content/VREditor/TransformGizmo/SM_Sequencer_Node.uasset" 384
"../../../Engine/Content/VREditor/TransformGizmo/BoundingBoxEdge.uasset" 385
"../../Plugins/FX/Niagara/Content/Enums/ENiagaraExpansionMode.uasset" 386
"../../Plugins/FX/Niagara/Content/Enums/ENiagaraBooleanLogicOps.uasset" 387
"../../Plugins/FX/Niagara/Content/Enums/ENiagaraOrientationAxis.uasset" 388
"../../Plugins/FX/Niagara/Content/Enums/ENiagaraRandomnessMode.uasset" 389
"../../Plugins/FX/Niagara/Content/Enums/ENiagaraCoordinateSpace.uasset" 390
"../../Plugins/2D/Paper2D/Content/PlaceholderTextures/DummySpriteTexture.uasset" 391
"../../Plugins/2D/Paper2D/Content/DefaultSpriteMaterial.uasset" 392
"../../Plugins/2D/Paper2D/Content/OpaqueUnlitSpriteMaterial.uasset" 393
"../../Plugins/2D/Paper2D/Content/DummySprite.uasset" 394
"../../Plugins/2D/Paper2D/Content/DefaultPaperTerrainMaterial.uasset" 395
"../../Plugins/2D/Paper2D/Content/MaskedUnlitSpriteMaterial.uasset" 396
"../../../../../../muhammadasad/Documents/Unreal Projects/ShieldGame/Content/Background/Atten_Back.uasset" 397
"../../../../../../muhammadasad/Documents/Unreal Projects/ShieldGame/Content/Background/tune1.uasset" 398
"../../../../../../muhammadasad/Documents/Unreal Projects/ShieldGame/Content/Background/Cue_BackTune.uasset" 399
"../../../../../../muhammadasad/Documents/Unreal Projects/ShieldGame/Content/BluePrints/BP_GameInstance.uasset" 400
"../../../../../../muhammadasad/Documents/Unreal Projects/ShieldGame/Content/Background/M_BG.uasset" 401
"../../../../../../muhammadasad/Documents/Unreal Projects/ShieldGame/Content/Background/MP_Back.uasset" 402
"../../../../../../muhammadasad/Documents/Unreal Projects/ShieldGame/Content/BluePrints/BP_SaveGame.uasset" 403
"../../../Engine/Content/EngineFonts/Faces/DroidSansMono.uasset" 404
"../../../Engine/Content/EngineFonts/DroidSansMono.uasset" 405
"../../../../../../muhammadasad/Documents/Unreal Projects/ShieldGame/Content/Background/MP_Back_Video.uasset" 406
"../../../../../../muhammadasad/Documents/Unreal Projects/ShieldGame/Content/Background/M_Media.uasset" 407
"../../../../../../muhammadasad/Documents/Unreal Projects/ShieldGame/Content/UI/Button/hoverSoundFinal.uasset" 408
"../../../../../../muhammadasad/Documents/Unreal Projects/ShieldGame/Content/UI/Button/Options/optionHover.uasset" 409
"../../../../../../muhammadasad/Documents/Unreal Projects/ShieldGame/Content/UI/Button/Options/optionNormal.uasset" 410
"../../../../../../muhammadasad/Documents/Unreal Projects/ShieldGame/Content/UI/Button/Options/optionPressed.uasset" 411
"../../../../../../muhammadasad/Documents/Unreal Projects/ShieldGame/Content/UI/Button/Quit/quitHover.uasset" 412
"../../../../../../muhammadasad/Documents/Unreal Projects/ShieldGame/Content/UI/Button/Quit/QuitNormal.uasset" 413
"../../../../../../muhammadasad/Documents/Unreal Projects/ShieldGame/Content/UI/Button/Quit/quitPressed.uasset" 414
"../../../../../../muhammadasad/Documents/Unreal Projects/ShieldGame/Content/UI/Button/SoundPressed.uasset" 415
"../../../Engine/Content/Functions/Engine_MaterialFunctions01/Density/ExponentialDensity.uasset" 416
"../../../Engine/Content/Functions/Engine_MaterialFunctions01/Gradient/RadialGradientExponential.uasset" 417
"../../../../../../muhammadasad/Documents/Unreal Projects/ShieldGame/Content/UI/M_fade.uasset" 418
"../../../../../../muhammadasad/Documents/Unreal Projects/ShieldGame/Content/UI/WB_AnimationFade.uasset" 419
"../../../../../../muhammadasad/Documents/Unreal Projects/ShieldGame/Content/UI/Button/Back/BackHover.uasset" 420
"../../../../../../muhammadasad/Documents/Unreal Projects/ShieldGame/Content/UI/Button/Back/BackNormal.uasset" 421
"../../../../../../muhammadasad/Documents/Unreal Projects/ShieldGame/Content/UI/Button/Back/BackPressed.uasset" 422
"../../../../../../muhammadasad/Documents/Unreal Projects/ShieldGame/Content/UI/WB_Options.uasset" 423
"../../../../../../muhammadasad/Documents/Unreal Projects/ShieldGame/Content/UI/WB_MainMenu.uasset" 424
"../../../../../../muhammadasad/Documents/Unreal Projects/ShieldGame/Content/Maps/MainMenu.umap" 425
"../../../Engine/Content/EngineSky/C_Sky_Cloud_Color.uasset" 426
"../../../Engine/Content/EngineSky/C_Sky_Horizon_Color.uasset" 427
"../../../Engine/Content/EngineSky/C_Sky_Zenith_Color.uasset" 428
"../../../Engine/Content/EngineSky/T_Sky_Blue.uasset" 429
"../../../Engine/Content/EngineSky/T_Sky_Clouds_M.uasset" 430
"../../../Engine/Content/EngineSky/T_Sky_Stars.uasset" 431
"../../../Engine/Content/EngineSky/M_Sky_Panning_Clouds2.uasset" 432
"../../../Engine/Content/EngineSky/SM_SkySphere.uasset" 433
"../../../Engine/Content/EngineSky/BP_Sky_Sphere.uasset" 434
"../../../Engine/Content/Functions/Engine_MaterialFunctions02/Utility/Sine_Remapped.uasset" 435
"../../../../../../muhammadasad/Documents/Unreal Projects/ShieldGame/Content/PowerUps/M_PowerUpLightFunction.uasset" 436
"../../../../../../muhammadasad/Documents/Unreal Projects/ShieldGame/Content/PowerUps/M_PowerUp.uasset" 437
"../../../../../../muhammadasad/Documents/Unreal Projects/ShieldGame/Content/PowerUps/MI_Health.uasset" 438
"../../../../../../muhammadasad/Documents/Unreal Projects/ShieldGame/Content/PowerUps/HealthIcon.uasset" 439
"../../../../../../muhammadasad/Documents/Unreal Projects/ShieldGame/Content/PowerUps/BP_HealthRegen.uasset" 440
"../../../../../../muhammadasad/Documents/Unreal Projects/ShieldGame/Content/PowerUps/MI_PowerUpSpeed.uasset" 441
"../../../../../../muhammadasad/Documents/Unreal Projects/ShieldGame/Content/PowerUps/SpeedIcon.uasset" 442
"../../../../../../muhammadasad/Documents/Unreal Projects/ShieldGame/Content/PowerUps/Powerup_SuperSpeed.uasset" 443
"../../../../../../muhammadasad/Documents/Unreal Projects/ShieldGame/Content/PowerUps/T_CircleMask3.uasset" 444
"../../../../../../muhammadasad/Documents/Unreal Projects/ShieldGame/Content/PowerUps/M_PowerupDecal.uasset" 445
"../../../../../../muhammadasad/Documents/Unreal Projects/ShieldGame/Content/PowerUps/BP_Pickup.uasset" 446
"../../../../../../muhammadasad/Documents/Unreal Projects/ShieldGame/Content/Maps/Blockout_P_BuiltData.uasset" 447
"../../../../../../muhammadasad/Documents/Unreal Projects/ShieldGame/Content/Maps/Environment/M_BasicBox.uasset" 448
"../../../Engine/Content/EngineMaterials/DefaultNormal.uasset" 449
"../../../Engine/Content/Functions/Engine_MaterialFunctions03/Texturing/LocalSpaceSurfaceMirroring.uasset" 450
"../../../Engine/Content/VREditor/BasicMeshes/T_CleanFloorGrunge_01_D.uasset" 451
"../../../../../../muhammadasad/Documents/Unreal Projects/ShieldGame/Content/Maps/Environment/M_BlockoutSimple.uasset" 452
"../../../Engine/Content/BasicShapes/Cube.uasset" 453
"../../../../../../muhammadasad/Documents/Unreal Projects/ShieldGame/Content/Maps/Blockout_P.umap" 454
"../../../../../../muhammadasad/Documents/Unreal Projects/ShieldGame/Content/AnimStarterPack/Crouch_Idle_Rifle_Hip.uasset" 455
"../../../../../../muhammadasad/Documents/Unreal Projects/ShieldGame/Content/AnimStarterPack/Crouch_Idle_Rifle_Ironsights.uasset" 456
"../../../../../../muhammadasad/Documents/Unreal Projects/ShieldGame/Content/AnimStarterPack/Crouch_Walk_Fwd_Rifle_Ironsights.uasset" 457
"../../../../../../muhammadasad/Documents/Unreal Projects/ShieldGame/Content/AnimStarterPack/Equip_Pistol_Standing.uasset" 458
"../../../../../../muhammadasad/Documents/Unreal Projects/ShieldGame/Content/AnimStarterPack/Fire_Rifle_Ironsights.uasset" 459
"../../../../../../muhammadasad/Documents/Unreal Projects/ShieldGame/Content/AnimStarterPack/Hit_React_1.uasset" 460
"../../../../../../muhammadasad/Documents/Unreal Projects/ShieldGame/Content/AnimStarterPack/Hit_React_2.uasset" 461
"../../../../../../muhammadasad/Documents/Unreal Projects/ShieldGame/Content/AnimStarterPack/Hit_React_3.uasset" 462
"../../../../../../muhammadasad/Documents/Unreal Projects/ShieldGame/Content/AnimStarterPack/Idle_Rifle_Hip_Break1.uasset" 463
"../../../../../../muhammadasad/Documents/Unreal Projects/ShieldGame/Content/AnimStarterPack/Idle_Rifle_Hip_Break2.uasset" 464
"../../../../../../muhammadasad/Documents/Unreal Projects/ShieldGame/Content/AnimStarterPack/Reload_Rifle_Hip.uasset" 465
"../../../../../../muhammadasad/Documents/Unreal Projects/ShieldGame/Content/AnimStarterPack/Walk_Fwd_Rifle_Ironsights.uasset" 466
"../../../Engine/Content/TemplateResources/M_Template_Master.uasset" 467
"../../../Engine/Content/TemplateResources/MI_Template_BaseGray_03_Metal.uasset" 468
"../../../../../../muhammadasad/Documents/Unreal Projects/ShieldGame/Content/AnimStarterPack/Showcase.umap" 469
"../../../../../../muhammadasad/Documents/Unreal Projects/ShieldGame/Content/StarterContent/Blueprints/Assets/FogBrightnessLUT.uasset" 470
"../../../../../../muhammadasad/Documents/Unreal Projects/ShieldGame/Content/StarterContent/Blueprints/Assets/SunlightColorLUT.uasset" 471
"../../../../../../muhammadasad/Documents/Unreal Projects/ShieldGame/Content/StarterContent/Blueprints/Assets/M_LightStage_Arrows.uasset" 472
"../../../Engine/Content/MapTemplates/Sky/DaylightAmbientCubemap.uasset" 473
"../../../../../../muhammadasad/Documents/Unreal Projects/ShieldGame/Content/StarterContent/Blueprints/Assets/M_LightStage_Skybox_Master.uasset" 474
"../../../../../../muhammadasad/Documents/Unreal Projects/ShieldGame/Content/StarterContent/Blueprints/Assets/M_LightStage_Skybox_Black.uasset" 475
"../../../../../../muhammadasad/Documents/Unreal Projects/ShieldGame/Content/StarterContent/Blueprints/Assets/M_LightStage_Skybox_HDRI.uasset" 476
"../../../Engine/Content/EditorMaterials/Thumbnails/SkySphereMaterial.uasset" 477
"../../../../../../muhammadasad/Documents/Unreal Projects/ShieldGame/Content/StarterContent/Blueprints/Assets/Skybox.uasset" 478
"../../../../../../muhammadasad/Documents/Unreal Projects/ShieldGame/Content/StarterContent/Blueprints/Assets/SM_Arrows.uasset" 479
"../../../../../../muhammadasad/Documents/Unreal Projects/ShieldGame/Content/StarterContent/HDRI/HDRI_Epic_Courtyard_Daylight.uasset" 480
"../../../../../../muhammadasad/Documents/Unreal Projects/ShieldGame/Content/StarterContent/Blueprints/BP_LightStudio.uasset" 481
"../../../../../../muhammadasad/Documents/Unreal Projects/ShieldGame/Content/StarterContent/Maps/Advanced_Lighting_BuiltData.uasset" 482
"../../../../../../muhammadasad/Documents/Unreal Projects/ShieldGame/Content/StarterContent/Materials/M_AssetPlatform.uasset" 483
"../../../Engine/Content/EditorMeshes/ColorCalibrator/M_ChromeBall.uasset" 484
"../../../Engine/Content/EditorMeshes/ColorCalibrator/M_ClearCoat.uasset" 485
"../../../Engine/Content/EditorMeshes/ColorCalibrator/M_ClearCoatBlack.uasset" 486
"../../../Engine/Content/EditorMeshes/ColorCalibrator/Color_checker.uasset" 487
"../../../Engine/Content/EditorMeshes/ColorCalibrator/M_ColorGrid.uasset" 488
"../../../Engine/Content/EditorMeshes/ColorCalibrator/M_GreyBall.uasset" 489
"../../../Engine/Content/EditorMeshes/ColorCalibrator/SM_ColorCalibrator.uasset" 490
"../../../../../../muhammadasad/Documents/Unreal Projects/ShieldGame/Content/StarterContent/Architecture/SM_AssetPlatform.uasset" 491
"../../../../../../muhammadasad/Documents/Unreal Projects/ShieldGame/Content/StarterContent/Maps/Advanced_Lighting.umap" 492
"../../../../../../muhammadasad/Documents/Unreal Projects/ShieldGame/Content/StarterContent/Audio/Fire01_Cue.uasset" 493
"../../../../../../muhammadasad/Documents/Unreal Projects/ShieldGame/Content/StarterContent/Textures/T_Fire_SubUV.uasset" 494
"../../../../../../muhammadasad/Documents/Unreal Projects/ShieldGame/Content/StarterContent/Textures/T_Fire_Tiled_D.uasset" 495
"../../../../../../muhammadasad/Documents/Unreal Projects/ShieldGame/Content/StarterContent/Particles/Materials/M_Fire_SubUV.uasset" 496
"../../../../../../muhammadasad/Documents/Unreal Projects/ShieldGame/Content/StarterContent/Textures/T_Water_N.uasset" 497
"../../../../../../muhammadasad/Documents/Unreal Projects/ShieldGame/Content/StarterContent/Particles/Materials/M_Heat_Distortion.uasset" 498
"../../../../../../muhammadasad/Documents/Unreal Projects/ShieldGame/Content/StarterContent/Particles/Materials/M_Radial_Gradient.uasset" 499
"../../../../../../muhammadasad/Documents/Unreal Projects/ShieldGame/Content/StarterContent/Particles/P_Fire.uasset" 500
"../../../../../../muhammadasad/Documents/Unreal Projects/ShieldGame/Content/StarterContent/Blueprints/Blueprint_Effect_Fire.uasset" 501
"../../../../../../muhammadasad/Documents/Unreal Projects/ShieldGame/Content/StarterContent/Audio/Smoke01_Cue.uasset" 502
"../../../../../../muhammadasad/Documents/Unreal Projects/ShieldGame/Content/StarterContent/Particles/P_Smoke.uasset" 503
"../../../../../../muhammadasad/Documents/Unreal Projects/ShieldGame/Content/StarterContent/Blueprints/Blueprint_Effect_Smoke.uasset" 504
"../../../../../../muhammadasad/Documents/Unreal Projects/ShieldGame/Content/StarterContent/Audio/Fire_Sparks01_Cue.uasset" 505
"../../../../../../muhammadasad/Documents/Unreal Projects/ShieldGame/Content/StarterContent/Textures/T_Spark_Core.uasset" 506
"../../../../../../muhammadasad/Documents/Unreal Projects/ShieldGame/Content/StarterContent/Particles/Materials/M_Spark.uasset" 507
"../../../../../../muhammadasad/Documents/Unreal Projects/ShieldGame/Content/StarterContent/Particles/P_Sparks.uasset" 508
"../../../../../../muhammadasad/Documents/Unreal Projects/ShieldGame/Content/StarterContent/Blueprints/Blueprint_Effect_Sparks.uasset" 509
"../../../../../../muhammadasad/Documents/Unreal Projects/ShieldGame/Content/StarterContent/Audio/Steam01_Cue.uasset" 510
"../../../../../../muhammadasad/Documents/Unreal Projects/ShieldGame/Content/StarterContent/Particles/P_Steam_Lit.uasset" 511
"../../../../../../muhammadasad/Documents/Unreal Projects/ShieldGame/Content/StarterContent/Blueprints/Blueprint_Effect_Steam.uasset" 512
"../../../../../../muhammadasad/Documents/Unreal Projects/ShieldGame/Content/StarterContent/Textures/T_Lamp_M.uasset" 513
"../../../../../../muhammadasad/Documents/Unreal Projects/ShieldGame/Content/StarterContent/Textures/T_Lamp_N.uasset" 514
"../../../../../../muhammadasad/Documents/Unreal Projects/ShieldGame/Content/StarterContent/Props/Materials/M_Lamp.uasset" 515
"../../../../../../muhammadasad/Documents/Unreal Projects/ShieldGame/Content/StarterContent/Props/SM_Lamp_Ceiling.uasset" 516
"../../../../../../muhammadasad/Documents/Unreal Projects/ShieldGame/Content/StarterContent/Blueprints/Blueprint_CeilingLight.uasset" 517
"../../../../../../muhammadasad/Documents/Unreal Projects/ShieldGame/Content/StarterContent/Props/SM_Lamp_Wall.uasset" 518
"../../../../../../muhammadasad/Documents/Unreal Projects/ShieldGame/Content/StarterContent/Blueprints/Blueprint_WallSconce.uasset" 519
"../../../../../../muhammadasad/Documents/Unreal Projects/ShieldGame/Content/StarterContent/Maps/StarterMap_BuiltData.uasset" 520
"../../../Engine/Content/Functions/Engine_MaterialFunctions03/Procedurals/ComputeFilterWidth.uasset" 521
"../../../Engine/Content/EngineMaterials/AntiAliasedTextMaterialTranslucent.uasset" 522
"../../../../../../muhammadasad/Documents/Unreal Projects/ShieldGame/Content/StarterContent/Textures/T_Brick_Clay_Beveled_D.uasset" 523
"../../../../../../muhammadasad/Documents/Unreal Projects/ShieldGame/Content/StarterContent/Textures/T_Brick_Clay_Beveled_M.uasset" 524
"../../../../../../muhammadasad/Documents/Unreal Projects/ShieldGame/Content/StarterContent/Textures/T_Brick_Clay_Beveled_N.uasset" 525
"../../../../../../muhammadasad/Documents/Unreal Projects/ShieldGame/Content/StarterContent/Textures/T_MacroVariation.uasset" 526
"../../../../../../muhammadasad/Documents/Unreal Projects/ShieldGame/Content/StarterContent/Materials/M_Brick_Clay_Beveled.uasset" 527
"../../../../../../muhammadasad/Documents/Unreal Projects/ShieldGame/Content/StarterContent/Textures/T_Brick_Clay_New_D.uasset" 528
"../../../../../../muhammadasad/Documents/Unreal Projects/ShieldGame/Content/StarterContent/Textures/T_Brick_Clay_New_M.uasset" 529
"../../../../../../muhammadasad/Documents/Unreal Projects/ShieldGame/Content/StarterContent/Textures/T_Brick_Clay_New_N.uasset" 530
"../../../../../../muhammadasad/Documents/Unreal Projects/ShieldGame/Content/StarterContent/Materials/M_Brick_Clay_New.uasset" 531
"../../../../../../muhammadasad/Documents/Unreal Projects/ShieldGame/Content/StarterContent/Textures/T_Brick_Clay_Old_D.uasset" 532
"../../../../../../muhammadasad/Documents/Unreal Projects/ShieldGame/Content/StarterContent/Textures/T_Brick_Clay_Old_N.uasset" 533
"../../../../../../muhammadasad/Documents/Unreal Projects/ShieldGame/Content/StarterContent/Textures/T_Perlin_Noise_M.uasset" 534
"../../../../../../muhammadasad/Documents/Unreal Projects/ShieldGame/Content/StarterContent/Materials/M_Brick_Clay_Old.uasset" 535
"../../../../../../muhammadasad/Documents/Unreal Projects/ShieldGame/Content/StarterContent/Textures/T_Brick_Cut_Stone_D.uasset" 536
"../../../../../../muhammadasad/Documents/Unreal Projects/ShieldGame/Content/StarterContent/Textures/T_Brick_Cut_Stone_N.uasset" 537
"../../../../../../muhammadasad/Documents/Unreal Projects/ShieldGame/Content/StarterContent/Materials/M_Brick_Cut_Stone.uasset" 538
"../../../../../../muhammadasad/Documents/Unreal Projects/ShieldGame/Content/StarterContent/Textures/T_Brick_Hewn_Stone_D.uasset" 539
"../../../../../../muhammadasad/Documents/Unreal Projects/ShieldGame/Content/StarterContent/Textures/T_Brick_Hewn_Stone_M.uasset" 540
"../../../../../../muhammadasad/Documents/Unreal Projects/ShieldGame/Content/StarterContent/Textures/T_Brick_Hewn_Stone_N.uasset" 541
"../../../../../../muhammadasad/Documents/Unreal Projects/ShieldGame/Content/StarterContent/Materials/M_Brick_Hewn_Stone.uasset" 542
"../../../../../../muhammadasad/Documents/Unreal Projects/ShieldGame/Content/StarterContent/Textures/T_Ceramic_Tile_M.uasset" 543
"../../../../../../muhammadasad/Documents/Unreal Projects/ShieldGame/Content/StarterContent/Textures/T_Ceramic_Tile_N.uasset" 544
"../../../../../../muhammadasad/Documents/Unreal Projects/ShieldGame/Content/StarterContent/Textures/T_Rock_Marble_Polished_D.uasset" 545
"../../../../../../muhammadasad/Documents/Unreal Projects/ShieldGame/Content/StarterContent/Materials/M_Ceramic_Tile_Checker.uasset" 546
"../../../../../../muhammadasad/Documents/Unreal Projects/ShieldGame/Content/StarterContent/Textures/T_CobbleStone_Pebble_D.uasset" 547
"../../../../../../muhammadasad/Documents/Unreal Projects/ShieldGame/Content/StarterContent/Textures/T_CobbleStone_Pebble_M.uasset" 548
"../../../../../../muhammadasad/Documents/Unreal Projects/ShieldGame/Content/StarterContent/Textures/T_CobbleStone_Pebble_N.uasset" 549
"../../../../../../muhammadasad/Documents/Unreal Projects/ShieldGame/Content/StarterContent/Materials/M_CobbleStone_Pebble.uasset" 550
"../../../../../../muhammadasad/Documents/Unreal Projects/ShieldGame/Content/StarterContent/Textures/T_CobbleStone_Rough_D.uasset" 551
"../../../../../../muhammadasad/Documents/Unreal Projects/ShieldGame/Content/StarterContent/Textures/T_CobbleStone_Rough_N.uasset" 552
"../../../../../../muhammadasad/Documents/Unreal Projects/ShieldGame/Content/StarterContent/Textures/T_Gradinet_01.uasset" 553
"../../../../../../muhammadasad/Documents/Unreal Projects/ShieldGame/Content/StarterContent/Textures/T_Rock_Smooth_Granite_D.uasset" 554
"../../../../../../muhammadasad/Documents/Unreal Projects/ShieldGame/Content/StarterContent/Materials/M_CobbleStone_Rough.uasset" 555
"../../../../../../muhammadasad/Documents/Unreal Projects/ShieldGame/Content/StarterContent/Textures/T_CobbleStone_Smooth_D.uasset" 556
"../../../../../../muhammadasad/Documents/Unreal Projects/ShieldGame/Content/StarterContent/Textures/T_CobbleStone_Smooth_M.uasset" 557
"../../../../../../muhammadasad/Documents/Unreal Projects/ShieldGame/Content/StarterContent/Textures/T_CobbleStone_Smooth_N.uasset" 558
"../../../../../../muhammadasad/Documents/Unreal Projects/ShieldGame/Content/StarterContent/Materials/M_CobbleStone_Smooth.uasset" 559
"../../../../../../muhammadasad/Documents/Unreal Projects/ShieldGame/Content/StarterContent/Textures/T_Concrete_Grime_D.uasset" 560
"../../../../../../muhammadasad/Documents/Unreal Projects/ShieldGame/Content/StarterContent/Textures/T_Metal_Rust_N.uasset" 561
"../../../../../../muhammadasad/Documents/Unreal Projects/ShieldGame/Content/StarterContent/Materials/M_Concrete_Grime.uasset" 562
"../../../../../../muhammadasad/Documents/Unreal Projects/ShieldGame/Content/StarterContent/Textures/T_Concrete_Panels_D.uasset" 563
"../../../../../../muhammadasad/Documents/Unreal Projects/ShieldGame/Content/StarterContent/Textures/T_Concrete_Panels_N.uasset" 564
"../../../../../../muhammadasad/Documents/Unreal Projects/ShieldGame/Content/StarterContent/Materials/M_Concrete_Panels.uasset" 565
"../../../../../../muhammadasad/Documents/Unreal Projects/ShieldGame/Content/StarterContent/Textures/T_Concrete_Poured_D.uasset" 566
"../../../../../../muhammadasad/Documents/Unreal Projects/ShieldGame/Content/StarterContent/Textures/T_Concrete_Poured_N.uasset" 567
"../../../../../../muhammadasad/Documents/Unreal Projects/ShieldGame/Content/StarterContent/Materials/M_Concrete_Poured.uasset" 568
"../../../../../../muhammadasad/Documents/Unreal Projects/ShieldGame/Content/StarterContent/Textures/T_Concrete_Tiles_D.uasset" 569
"../../../../../../muhammadasad/Documents/Unreal Projects/ShieldGame/Content/StarterContent/Textures/T_Concrete_Tiles_M.uasset" 570
"../../../../../../muhammadasad/Documents/Unreal Projects/ShieldGame/Content/StarterContent/Textures/T_Concrete_Tiles_N.uasset" 571
"../../../../../../muhammadasad/Documents/Unreal Projects/ShieldGame/Content/StarterContent/Textures/T_Concrete_Tiles_Variation_M.uasset" 572
"../../../../../../muhammadasad/Documents/Unreal Projects/ShieldGame/Content/StarterContent/Materials/M_Concrete_Tiles.uasset" 573
"../../../../../../muhammadasad/Documents/Unreal Projects/ShieldGame/Content/StarterContent/Textures/T_Ground_Grass_D.uasset" 574
"../../../../../../muhammadasad/Documents/Unreal Projects/ShieldGame/Content/StarterContent/Textures/T_Ground_Grass_N.uasset" 575
"../../../../../../muhammadasad/Documents/Unreal Projects/ShieldGame/Content/StarterContent/Materials/M_Ground_Grass.uasset" 576
"../../../../../../muhammadasad/Documents/Unreal Projects/ShieldGame/Content/StarterContent/Textures/T_Ground_Gravel_D.uasset" 577
"../../../../../../muhammadasad/Documents/Unreal Projects/ShieldGame/Content/StarterContent/Textures/T_Ground_Gravel_N.uasset" 578
"../../../../../../muhammadasad/Documents/Unreal Projects/ShieldGame/Content/StarterContent/Materials/M_Ground_Gravel.uasset" 579
"../../../../../../muhammadasad/Documents/Unreal Projects/ShieldGame/Content/StarterContent/Textures/T_ground_Moss_D.uasset" 580
"../../../../../../muhammadasad/Documents/Unreal Projects/ShieldGame/Content/StarterContent/Textures/T_Ground_Moss_N.uasset" 581
"../../../../../../muhammadasad/Documents/Unreal Projects/ShieldGame/Content/StarterContent/Materials/M_Ground_Moss.uasset" 582
"../../../../../../muhammadasad/Documents/Unreal Projects/ShieldGame/Content/StarterContent/Materials/M_Metal_Brushed_Nickel.uasset" 583
"../../../../../../muhammadasad/Documents/Unreal Projects/ShieldGame/Content/StarterContent/Textures/T_Metal_Aluminum_D.uasset" 584
"../../../../../../muhammadasad/Documents/Unreal Projects/ShieldGame/Content/StarterContent/Textures/T_Metal_Gold_N.uasset" 585
"../../../../../../muhammadasad/Documents/Unreal Projects/ShieldGame/Content/StarterContent/Materials/M_Metal_Burnished_Steel.uasset" 586
"../../../../../../muhammadasad/Documents/Unreal Projects/ShieldGame/Content/StarterContent/Materials/M_Metal_Chrome.uasset" 587
"../../../../../../muhammadasad/Documents/Unreal Projects/ShieldGame/Content/StarterContent/Textures/T_Metal_Copper_D.uasset" 588
"../../../../../../muhammadasad/Documents/Unreal Projects/ShieldGame/Content/StarterContent/Materials/M_Metal_Copper.uasset" 589
"../../../../../../muhammadasad/Documents/Unreal Projects/ShieldGame/Content/StarterContent/Textures/T_Metal_Gold_D.uasset" 590
"../../../../../../muhammadasad/Documents/Unreal Projects/ShieldGame/Content/StarterContent/Materials/M_Metal_Gold.uasset" 591
"../../../../../../muhammadasad/Documents/Unreal Projects/ShieldGame/Content/StarterContent/Textures/T_Metal_Rust_D.uasset" 592
"../../../../../../muhammadasad/Documents/Unreal Projects/ShieldGame/Content/StarterContent/Materials/M_Metal_Rust.uasset" 593
"../../../../../../muhammadasad/Documents/Unreal Projects/ShieldGame/Content/StarterContent/Textures/T_Metal_Steel_D.uasset" 594
"../../../../../../muhammadasad/Documents/Unreal Projects/ShieldGame/Content/StarterContent/Textures/T_Metal_Steel_N.uasset" 595
"../../../../../../muhammadasad/Documents/Unreal Projects/ShieldGame/Content/StarterContent/Materials/M_Metal_Steel.uasset" 596
"../../../../../../muhammadasad/Documents/Unreal Projects/ShieldGame/Content/StarterContent/Textures/T_Rock_Basalt_N.uasset" 597
"../../../../../../muhammadasad/Documents/Unreal Projects/ShieldGame/Content/StarterContent/Materials/M_Rock_Basalt.uasset" 598
"../../../../../../muhammadasad/Documents/Unreal Projects/ShieldGame/Content/StarterContent/Materials/M_Rock_Marble_Polished.uasset" 599
"../../../../../../muhammadasad/Documents/Unreal Projects/ShieldGame/Content/StarterContent/Textures/T_Rock_Sandstone_D.uasset" 600
"../../../../../../muhammadasad/Documents/Unreal Projects/ShieldGame/Content/StarterContent/Textures/T_Rock_Sandstone_N.uasset" 601
"../../../../../../muhammadasad/Documents/Unreal Projects/ShieldGame/Content/StarterContent/Materials/M_Rock_Sandstone.uasset" 602
"../../../../../../muhammadasad/Documents/Unreal Projects/ShieldGame/Content/StarterContent/Textures/T_Rock_Slate_D.uasset" 603
"../../../../../../muhammadasad/Documents/Unreal Projects/ShieldGame/Content/StarterContent/Textures/T_Rock_Slate_N.uasset" 604
"../../../../../../muhammadasad/Documents/Unreal Projects/ShieldGame/Content/StarterContent/Materials/M_Rock_Slate.uasset" 605
"../../../../../../muhammadasad/Documents/Unreal Projects/ShieldGame/Content/StarterContent/Textures/T_Checker_Noise_M.uasset" 606
"../../../../../../muhammadasad/Documents/Unreal Projects/ShieldGame/Content/StarterContent/Textures/T_Single_Tile_N.uasset" 607
"../../../../../../muhammadasad/Documents/Unreal Projects/ShieldGame/Content/StarterContent/Textures/T_Tech_Dot_M.uasset" 608
"../../../../../../muhammadasad/Documents/Unreal Projects/ShieldGame/Content/StarterContent/Textures/T_Tech_Dot_N.uasset" 609
"../../../../../../muhammadasad/Documents/Unreal Projects/ShieldGame/Content/StarterContent/Materials/M_Tech_Checker_Dot.uasset" 610
"../../../../../../muhammadasad/Documents/Unreal Projects/ShieldGame/Content/StarterContent/Textures/T_Tech_Hex_Tile_M.uasset" 611
"../../../../../../muhammadasad/Documents/Unreal Projects/ShieldGame/Content/StarterContent/Textures/T_Tech_Hex_Tile_N.uasset" 612
"../../../../../../muhammadasad/Documents/Unreal Projects/ShieldGame/Content/StarterContent/Materials/M_Tech_Hex_Tile.uasset" 613
"../../../../../../muhammadasad/Documents/Unreal Projects/ShieldGame/Content/StarterContent/Materials/M_Tech_Hex_Tile_Pulse.uasset" 614
"../../../../../../muhammadasad/Documents/Unreal Projects/ShieldGame/Content/StarterContent/Textures/T_Tech_Panel_M.uasset" 615
"../../../../../../muhammadasad/Documents/Unreal Projects/ShieldGame/Content/StarterContent/Textures/T_Tech_Panel_N.uasset" 616
"../../../../../../muhammadasad/Documents/Unreal Projects/ShieldGame/Content/StarterContent/Materials/M_Tech_Panel.uasset" 617
"../../../../../../muhammadasad/Documents/Unreal Projects/ShieldGame/Content/StarterContent/Materials/M_Water_Lake.uasset" 618
"../../../../../../muhammadasad/Documents/Unreal Projects/ShieldGame/Content/StarterContent/Textures/T_Water_M.uasset" 619
"../../../../../../muhammadasad/Documents/Unreal Projects/ShieldGame/Content/StarterContent/Materials/M_Water_Ocean.uasset" 620
"../../../../../../muhammadasad/Documents/Unreal Projects/ShieldGame/Content/StarterContent/Textures/T_Wood_Floor_Walnut_D.uasset" 621
"../../../../../../muhammadasad/Documents/Unreal Projects/ShieldGame/Content/StarterContent/Textures/T_Wood_Floor_Walnut_M.uasset" 622
"../../../../../../muhammadasad/Documents/Unreal Projects/ShieldGame/Content/StarterContent/Textures/T_Wood_Floor_Walnut_N.uasset" 623
"../../../../../../muhammadasad/Documents/Unreal Projects/ShieldGame/Content/StarterContent/Materials/M_Wood_Floor_Walnut_Polished.uasset" 624
"../../../Engine/Content/Functions/Engine_MaterialFunctions01/Opacity/AlphaOffset.uasset" 625
"../../../../../../muhammadasad/Documents/Unreal Projects/ShieldGame/Content/StarterContent/Materials/M_Wood_Floor_Walnut_Worn.uasset" 626
"../../../../../../muhammadasad/Documents/Unreal Projects/ShieldGame/Content/StarterContent/Textures/T_Wood_Oak_D.uasset" 627
"../../../../../../muhammadasad/Documents/Unreal Projects/ShieldGame/Content/StarterContent/Textures/T_Wood_Oak_N.uasset" 628
"../../../../../../muhammadasad/Documents/Unreal Projects/ShieldGame/Content/StarterContent/Materials/M_Wood_Oak.uasset" 629
"../../../../../../muhammadasad/Documents/Unreal Projects/ShieldGame/Content/StarterContent/Textures/T_Wood_Pine_D.uasset" 630
"../../../../../../muhammadasad/Documents/Unreal Projects/ShieldGame/Content/StarterContent/Textures/T_Wood_Pine_N.uasset" 631
"../../../../../../muhammadasad/Documents/Unreal Projects/ShieldGame/Content/StarterContent/Materials/M_Wood_Pine.uasset" 632
"../../../../../../muhammadasad/Documents/Unreal Projects/ShieldGame/Content/StarterContent/Textures/T_Wood_Walnut_D.uasset" 633
"../../../../../../muhammadasad/Documents/Unreal Projects/ShieldGame/Content/StarterContent/Textures/T_Wood_Walnut_N.uasset" 634
"../../../../../../muhammadasad/Documents/Unreal Projects/ShieldGame/Content/StarterContent/Materials/M_Wood_Walnut.uasset" 635
"../../../../../../muhammadasad/Documents/Unreal Projects/ShieldGame/Content/StarterContent/Architecture/Floor_400x400.uasset" 636
"../../../../../../muhammadasad/Documents/Unreal Projects/ShieldGame/Content/StarterContent/Architecture/Wall_400x200.uasset" 637
"../../../../../../muhammadasad/Documents/Unreal Projects/ShieldGame/Content/StarterContent/Architecture/Wall_Door_400x300.uasset" 638
"../../../../../../muhammadasad/Documents/Unreal Projects/ShieldGame/Content/StarterContent/Architecture/Wall_Window_400x300.uasset" 639
"../../../../../../muhammadasad/Documents/Unreal Projects/ShieldGame/Content/StarterContent/Audio/Collapse_Cue.uasset" 640
"../../../../../../muhammadasad/Documents/Unreal Projects/ShieldGame/Content/StarterContent/Audio/Starter_Background_Cue.uasset" 641
"../../../../../../muhammadasad/Documents/Unreal Projects/ShieldGame/Content/StarterContent/Audio/Starter_Music_Cue.uasset" 642
"../../../../../../muhammadasad/Documents/Unreal Projects/ShieldGame/Content/StarterContent/Textures/T_Dust_Particle_D.uasset" 643
"../../../../../../muhammadasad/Documents/Unreal Projects/ShieldGame/Content/StarterContent/Particles/Materials/M_Dust_Particle.uasset" 644
"../../../../../../muhammadasad/Documents/Unreal Projects/ShieldGame/Content/StarterContent/Particles/P_Ambient_Dust.uasset" 645
"../../../../../../muhammadasad/Documents/Unreal Projects/ShieldGame/Content/StarterContent/Props/MaterialSphere.uasset" 646
"../../../../../../muhammadasad/Documents/Unreal Projects/ShieldGame/Content/StarterContent/Props/SM_Chair.uasset" 647
"../../../../../../muhammadasad/Documents/Unreal Projects/ShieldGame/Content/StarterContent/Textures/T_Frame_M.uasset" 648
"../../../../../../muhammadasad/Documents/Unreal Projects/ShieldGame/Content/StarterContent/Textures/T_Frame_N.uasset" 649
"../../../../../../muhammadasad/Documents/Unreal Projects/ShieldGame/Content/StarterContent/Props/Materials/M_Frame.uasset" 650
"../../../../../../muhammadasad/Documents/Unreal Projects/ShieldGame/Content/StarterContent/Props/SM_CornerFrame.uasset" 651
"../../../../../../muhammadasad/Documents/Unreal Projects/ShieldGame/Content/StarterContent/Props/SM_DoorFrame.uasset" 652
"../../../../../../muhammadasad/Documents/Unreal Projects/ShieldGame/Content/StarterContent/Props/SM_GlassWindow.uasset" 653
"../../../../../../muhammadasad/Documents/Unreal Projects/ShieldGame/Content/StarterContent/Props/SM_PillarFrame.uasset" 654
"../../../../../../muhammadasad/Documents/Unreal Projects/ShieldGame/Content/StarterContent/Props/SM_PillarFrame300.uasset" 655
"../../../../../../muhammadasad/Documents/Unreal Projects/ShieldGame/Content/StarterContent/Textures/T_Statue_M.uasset" 656
"../../../../../../muhammadasad/Documents/Unreal Projects/ShieldGame/Content/StarterContent/Textures/T_Statue_N.uasset" 657
"../../../../../../muhammadasad/Documents/Unreal Projects/ShieldGame/Content/StarterContent/Props/Materials/M_Statue.uasset" 658
"../../../../../../muhammadasad/Documents/Unreal Projects/ShieldGame/Content/StarterContent/Props/Materials/M_StatueGlass.uasset" 659
"../../../../../../muhammadasad/Documents/Unreal Projects/ShieldGame/Content/StarterContent/Props/SM_Statue.uasset" 660
"../../../../../../muhammadasad/Documents/Unreal Projects/ShieldGame/Content/StarterContent/Textures/T_TableRound_M.uasset" 661
"../../../../../../muhammadasad/Documents/Unreal Projects/ShieldGame/Content/StarterContent/Textures/T_TableRound_N.uasset" 662
"../../../../../../muhammadasad/Documents/Unreal Projects/ShieldGame/Content/StarterContent/Props/Materials/M_TableRound.uasset" 663
"../../../../../../muhammadasad/Documents/Unreal Projects/ShieldGame/Content/StarterContent/Props/SM_TableRound.uasset" 664
"../../../../../../muhammadasad/Documents/Unreal Projects/ShieldGame/Content/StarterContent/Props/SM_WindowFrame.uasset" 665
"../../../../../../muhammadasad/Documents/Unreal Projects/ShieldGame/Content/StarterContent/Shapes/Shape_Cube.uasset" 666
"../../../../../../muhammadasad/Documents/Unreal Projects/ShieldGame/Content/StarterContent/Shapes/Shape_QuadPyramid.uasset" 667
"../../../../../../muhammadasad/Documents/Unreal Projects/ShieldGame/Content/StarterContent/Shapes/Shape_Sphere.uasset" 668
"../../../../../../muhammadasad/Documents/Unreal Projects/ShieldGame/Content/StarterContent/Maps/StarterMap.umap" 669
"../../../../../../muhammadasad/Documents/Unreal Projects/ShieldGame/Content/AnimStarterPack/Death_1.uasset" 670
"../../../../../../muhammadasad/Documents/Unreal Projects/ShieldGame/Content/AnimStarterPack/Idle_Rifle_Hip.uasset" 671
"../../../../../../muhammadasad/Documents/Unreal Projects/ShieldGame/Content/AnimStarterPack/Jump_From_Jog.uasset" 672
"../../../../../../muhammadasad/Documents/Unreal Projects/ShieldGame/Content/AnimStarterPack/Jump_From_Stand.uasset" 673
"../../../../../../muhammadasad/Documents/Unreal Projects/ShieldGame/Content/AnimStarterPack/Crouch_Walk_Bwd_Rifle_Hip.uasset" 674
"../../../../../../muhammadasad/Documents/Unreal Projects/ShieldGame/Content/AnimStarterPack/Crouch_Walk_Fwd_Rifle_Hip.uasset" 675
"../../../../../../muhammadasad/Documents/Unreal Projects/ShieldGame/Content/AnimStarterPack/Crouch_Walk_Lt_Rifle_Hip.uasset" 676
"../../../../../../muhammadasad/Documents/Unreal Projects/ShieldGame/Content/AnimStarterPack/Crouch_Walk_Rt_Rifle_Hip.uasset" 677
"../../../../../../muhammadasad/Documents/Unreal Projects/ShieldGame/Content/AnimStarterPack/BS_CrouchWalk.uasset" 678
"../../../../../../muhammadasad/Documents/Unreal Projects/ShieldGame/Content/AnimStarterPack/Jog_Bwd_Rifle.uasset" 679
"../../../../../../muhammadasad/Documents/Unreal Projects/ShieldGame/Content/AnimStarterPack/Jog_Fwd_Rifle.uasset" 680
"../../../../../../muhammadasad/Documents/Unreal Projects/ShieldGame/Content/AnimStarterPack/Jog_Lt_Rifle.uasset" 681
"../../../../../../muhammadasad/Documents/Unreal Projects/ShieldGame/Content/AnimStarterPack/Jog_Rt_Rifle.uasset" 682
"../../../../../../muhammadasad/Documents/Unreal Projects/ShieldGame/Content/AnimStarterPack/BS_Jog.uasset" 683
"../../../../../../muhammadasad/Documents/Unreal Projects/ShieldGame/Content/AnimStarterPack/Ue4ASP_Character.uasset" 684
"../../../../../../muhammadasad/Documents/Unreal Projects/ShieldGame/Content/AnimStarterPack/UE4ASP_HeroTPP_AnimBlueprint.uasset" 685
"../../../../../../muhammadasad/Documents/Unreal Projects/ShieldGame/Content/AdvancedAI/BB_AdvancedAI.uasset" 686
"../../../../../../muhammadasad/Documents/Unreal Projects/ShieldGame/Content/TrackerBot/beamFinalSound.uasset" 687
"../../../../../../muhammadasad/Documents/Unreal Projects/ShieldGame/Content/AdvancedAI/Task_AttackTarget.uasset" 688
"../../../../../../muhammadasad/Documents/Unreal Projects/ShieldGame/Content/CoverAI/Decoratot_CheckBelowHealth.uasset" 689
"../../../../../../muhammadasad/Documents/Unreal Projects/ShieldGame/Content/CoverAI/Task_HealSelf.uasset" 690
"../../../../../../muhammadasad/Documents/Unreal Projects/ShieldGame/Content/BluePrints/BP_CamShakeRifle.uasset" 691
"../../../../../../muhammadasad/Documents/Unreal Projects/ShieldGame/Content/TrackerBot/BEam_Attunation.uasset" 692
"../../../../../../muhammadasad/Documents/Unreal Projects/ShieldGame/Content/TrackerBot/Beam_cue.uasset" 693
"../../../../../../muhammadasad/Documents/Unreal Projects/ShieldGame/Content/WeaponEffects/BasicTracer/Beam.uasset" 694
"../../../../../../muhammadasad/Documents/Unreal Projects/ShieldGame/Content/WeaponEffects/BasicTracer/M_Beam.uasset" 695
"../../../../../../muhammadasad/Documents/Unreal Projects/ShieldGame/Content/WeaponEffects/BasicTracer/P_SmokeTrail.uasset" 696
"../../../../../../muhammadasad/Documents/Unreal Projects/ShieldGame/Content/WeaponEffects/BloodImpact/clouds_dust_detail_01.uasset" 697
"../../../../../../muhammadasad/Documents/Unreal Projects/ShieldGame/Content/WeaponEffects/BloodImpact/M_blood_cloud_01.uasset" 698
"../../../../../../muhammadasad/Documents/Unreal Projects/ShieldGame/Content/WeaponEffects/BloodImpact/T_BloodSplatter_Frames01.uasset" 699
"../../../../../../muhammadasad/Documents/Unreal Projects/ShieldGame/Content/WeaponEffects/BloodImpact/M_blood_splash_01.uasset" 700
"../../../../../../muhammadasad/Documents/Unreal Projects/ShieldGame/Content/WeaponEffects/BloodImpact/T_BloodSplat_03_SubUV.uasset" 701
"../../../../../../muhammadasad/Documents/Unreal Projects/ShieldGame/Content/WeaponEffects/BloodImpact/M_blood_splash_03.uasset" 702
"../../../../../../muhammadasad/Documents/Unreal Projects/ShieldGame/Content/WeaponEffects/BloodImpact/P_blood_splash_02.uasset" 703
"../../../../../../muhammadasad/Documents/Unreal Projects/ShieldGame/Content/WeaponEffects/GenericImpact/Flare_02.uasset" 704
"../../../../../../muhammadasad/Documents/Unreal Projects/ShieldGame/Content/WeaponEffects/GenericImpact/M_LensFlare_02.uasset" 705
"../../../../../../muhammadasad/Documents/Unreal Projects/ShieldGame/Content/WeaponEffects/GenericImpact/T_SparkCore_2X2.uasset" 706
"../../../../../../muhammadasad/Documents/Unreal Projects/ShieldGame/Content/WeaponEffects/GenericImpact/M_spark_subUV.uasset" 707
"../../../../../../muhammadasad/Documents/Unreal Projects/ShieldGame/Content/WeaponEffects/GenericImpact/P_RifleImpact.uasset" 708
"../../../../../../muhammadasad/Documents/Unreal Projects/ShieldGame/Content/WeaponEffects/Muzzle/MuzzleSmokeOne_1024_11x11.uasset" 709
"../../../../../../muhammadasad/Documents/Unreal Projects/ShieldGame/Content/WeaponEffects/Muzzle/MuzzleFlash_Master.uasset" 710
"../../../../../../muhammadasad/Documents/Unreal Projects/ShieldGame/Content/WeaponEffects/Muzzle/MuzzleFlash_Master_Inst.uasset" 711
"../../../../../../muhammadasad/Documents/Unreal Projects/ShieldGame/Content/WeaponEffects/Muzzle/MuzzleTwo_2048_6x6.uasset" 712
"../../../../../../muhammadasad/Documents/Unreal Projects/ShieldGame/Content/WeaponEffects/Muzzle/MuzzleFlash_Master_Inst_2.uasset" 713
"../../../../../../muhammadasad/Documents/Unreal Projects/ShieldGame/Content/WeaponEffects/Muzzle/P_Muzzle_Large.uasset" 714
"../../../../../../muhammadasad/Documents/Unreal Projects/ShieldGame/Content/Weapons/Crosshairs/T_Crosshair_Horizontal_M.uasset" 715
"../../../../../../muhammadasad/Documents/Unreal Projects/ShieldGame/Content/Weapons/Crosshairs/T_Crosshair_Scanline_M.uasset" 716
"../../../../../../muhammadasad/Documents/Unreal Projects/ShieldGame/Content/Weapons/Crosshairs/M_Crosshairs_MultiHolo_Scanline.uasset" 717
"../../../../../../muhammadasad/Documents/Unreal Projects/ShieldGame/Content/Weapons/MI_Rifle01.uasset" 718
"../../../../../../muhammadasad/Documents/Unreal Projects/ShieldGame/Content/Weapons/MagGun_02_N.uasset" 719
"../../../../../../muhammadasad/Documents/Unreal Projects/ShieldGame/Content/Weapons/MI_Rifle02.uasset" 720
"../../../../../../muhammadasad/Documents/Unreal Projects/ShieldGame/Content/Weapons/SK_Rifle_Skeleton.uasset" 721
"../../../../../../muhammadasad/Documents/Unreal Projects/ShieldGame/Content/Weapons/SK_Rifle.uasset" 722
"../../../../../../muhammadasad/Documents/Unreal Projects/ShieldGame/Content/BluePrints/BP_Rifel.uasset" 723
"../../../../../../muhammadasad/Documents/Unreal Projects/ShieldGame/Content/UI/Button/MainMenu/MainMenuHover.uasset" 724
"../../../../../../muhammadasad/Documents/Unreal Projects/ShieldGame/Content/UI/Button/MainMenu/MainMenuNormal.uasset" 725
"../../../../../../muhammadasad/Documents/Unreal Projects/ShieldGame/Content/UI/Button/MainMenu/MainMenuPressed.uasset" 726
"../../../../../../muhammadasad/Documents/Unreal Projects/ShieldGame/Content/UI/Button/Restart/RestartHover.uasset" 727
"../../../../../../muhammadasad/Documents/Unreal Projects/ShieldGame/Content/UI/Button/Restart/RestartNormal.uasset" 728
"../../../../../../muhammadasad/Documents/Unreal Projects/ShieldGame/Content/UI/Button/Restart/RestartPressed.uasset" 729
"../../../../../../muhammadasad/Documents/Unreal Projects/ShieldGame/Content/BluePrints/BP_GameOver.uasset" 730
"../../../../../../muhammadasad/Documents/Unreal Projects/ShieldGame/Content/UI/WB_CrossHair.uasset" 731
"../../../../../../muhammadasad/Documents/Unreal Projects/ShieldGame/Content/UI/T_HealthMask.uasset" 732
"../../../../../../muhammadasad/Documents/Unreal Projects/ShieldGame/Content/UI/M_HealthIndicator.uasset" 733
"../../../../../../muhammadasad/Documents/Unreal Projects/ShieldGame/Content/UI/WBP_HealthIndicator.uasset" 734
"../../../../../../muhammadasad/Documents/Unreal Projects/ShieldGame/Content/BluePrints/PlayerPawn.uasset" 735
"../../../../../../muhammadasad/Documents/Unreal Projects/ShieldGame/Content/AdvancedAI/EQS_FindNearestPlayer.uasset" 736
"../../../../../../muhammadasad/Documents/Unreal Projects/ShieldGame/Content/BluePrints/EnvQueryContext_AllPlayers.uasset" 737
"../../../../../../muhammadasad/Documents/Unreal Projects/ShieldGame/Content/CoverAI/EQS_FindCover.uasset" 738
"../../../../../../muhammadasad/Documents/Unreal Projects/ShieldGame/Content/AdvancedAI/BT_AdvancedAI.uasset" 739
"../../../../../../muhammadasad/Documents/Unreal Projects/ShieldGame/Content/AdvancedAI/BP_Rifel_AI.uasset" 740
"../../../../../../muhammadasad/Documents/Unreal Projects/ShieldGame/Content/AdvancedAI/BP_AdvancedAI.uasset" 741
"../../../../../../muhammadasad/Documents/Unreal Projects/ShieldGame/Content/BluePrints/BP_GameState.uasset" 742
"../../../../../../muhammadasad/Documents/Unreal Projects/ShieldGame/Content/BluePrints/BP_HUD.uasset" 743
"../../../../../../muhammadasad/Documents/Unreal Projects/ShieldGame/Content/BluePrints/BP_TrackBot.uasset" 744
"../../../../../../muhammadasad/Documents/Unreal Projects/ShieldGame/Content/BluePrints/EnvQueryContext_BotSpawn.uasset" 745
"../../../../../../muhammadasad/Documents/Unreal Projects/ShieldGame/Content/BluePrints/EQS_FindSpawnLocation.uasset" 746
"../../../../../../muhammadasad/Documents/Unreal Projects/ShieldGame/Content/UI/WB_Wave.uasset" 747
"../../../../../../muhammadasad/Documents/Unreal Projects/ShieldGame/Content/BluePrints/SGameMode_BP.uasset" 748
"../../../../../../muhammadasad/Documents/Unreal Projects/ShieldGame/Content/StarterContent/Maps/Minimal_Default.umap" 749
"../../../Engine/Content/Maps/Entry_BuiltData.uasset" 750
"../../../Engine/Content/Maps/Entry.umap" 751
